Running clustalw2
mpiexec/clustalw-mpi cmd: mpiexec -np 50 clustalw-mpi -align -type=DNA -infile=/mnt/lfs/walt2178/Projects/rna-pipeline-python-qsub-staging/output/clustal/clustal_all -outfile=/mnt/lfs/walt2178/Projects/rna-pipeline-python-qsub-staging/output/clustal/clustal_all.aln



 CLUSTAL W (1.82) Multiple Sequence Alignments



Sequence type explicitly set to DNA
Sequence format is Pearson
Sequence 1: SEQ0000001     1475 bp
Sequence 2: SEQ0000002     1560 bp
Sequence 3: SEQ0000003     1508 bp
Sequence 4: SEQ0000004     1464 bp
Sequence 5: SEQ0000005     1373 bp
Sequence 6: SEQ0000006     1463 bp
Sequence 7: SEQ0000007     1410 bp
Sequence 8: SEQ0000008     1479 bp
Sequence 9: SEQ0000009     1424 bp
Sequence 10: SEQ0000010     1535 bp
Sequence 11: SEQ0000011     1544 bp
Sequence 12: SEQ0000012     1537 bp
Sequence 13: SEQ0000013     1527 bp
Sequence 14: SEQ0000014     1543 bp
Sequence 15: SEQ0000015     1494 bp
Sequence 16: SEQ0000016     1540 bp
Sequence 17: SEQ0000017     1503 bp
Sequence 18: SEQ0000018     1554 bp
Sequence 19: SEQ0000019     1513 bp
Sequence 20: SEQ0000020     1463 bp
Sequence 21: SEQ0000021     1775 bp
Sequence 22: SEQ0000022     1502 bp
Sequence 23: SEQ0000023     1502 bp
Sequence 24: SEQ0000024     1538 bp
Sequence 25: SEQ0000025     1553 bp
Sequence 26: SEQ0000026     1533 bp
Sequence 27: SEQ0000027     1465 bp
Sequence 28: SEQ0000028     1399 bp
Sequence 29: SEQ0000029     1587 bp
Sequence 30: SEQ0000030     1385 bp
Sequence 31: SEQ0000031     1562 bp
Sequence 32: SEQ0000032     1478 bp
Sequence 33: SEQ0000033     1526 bp
Sequence 34: SEQ0000034     1580 bp
Sequence 35: SEQ0000035     1520 bp
Sequence 36: SEQ0000036     1490 bp
Sequence 37: SEQ0000037     1552 bp
Sequence 38: SEQ0000038     1544 bp
Sequence 39: SEQ0000039     1480 bp
Sequence 40: SEQ0000040     1551 bp
Sequence 41: SEQ0000041     1598 bp
Sequence 42: SEQ0000042     1455 bp
Start of Pairwise alignments
DEBUG: it takes 0.055077 sec to send data to all slaves.
Sequences (1:30) Aligned. Score:  62.17 (by rank 29)
Sequences (1:41) Aligned. Score:  57.42 (by rank 40)
Sequences (1:28) Aligned. Score:  64.19 (by rank 27)
Sequences (1:42) Aligned. Score:  62.20 (by rank 41)
Sequences (1:27) Aligned. Score:  61.43 (by rank 26)
Sequences (2:9) Aligned. Score:  77.32 (by rank 48)
Sequences (2:3) Aligned. Score:  80.24 (by rank 42)
Sequences (2:4) Aligned. Score:  87.64 (by rank 43)
Sequences (1:3) Aligned. Score:  62.31 (by rank 2)
Sequences (1:4) Aligned. Score:  67.96 (by rank 3)
Sequences (1:39) Aligned. Score:  67.05 (by rank 38)
Sequences (1:19) Aligned. Score:  63.25 (by rank 18)
Sequences (1:20) Aligned. Score:  66.10 (by rank 19)
Sequences (1:23) Aligned. Score:  61.90 (by rank 22)
Sequences (1:36) Aligned. Score:  65.49 (by rank 35)
Sequences (1:2) Aligned. Score:  68.34 (by rank 1)
Sequences (1:32) Aligned. Score:  67.66 (by rank 31)
Sequences (1:37) Aligned. Score:  64.20 (by rank 36)
Sequences (1:38) Aligned. Score:  63.86 (by rank 37)
Sequences (1:25) Aligned. Score:  63.32 (by rank 24)
Sequences (1:26) Aligned. Score:  63.73 (by rank 25)
Sequences (1:17) Aligned. Score:  64.88 (by rank 16)
Sequences (1:22) Aligned. Score:  67.46 (by rank 21)
Sequences (2:10) Aligned. Score:  74.92 (by rank 49)
Sequences (1:33) Aligned. Score:  68.61 (by rank 32)
Sequences (1:34) Aligned. Score:  68.14 (by rank 33)
Sequences (1:35) Aligned. Score:  67.19 (by rank 34)
Sequences (1:31) Aligned. Score:  73.49 (by rank 30)
Sequences (1:13) Aligned. Score:  67.25 (by rank 12)
Sequences (1:18) Aligned. Score:  69.22 (by rank 17)
Sequences (1:40) Aligned. Score:  69.69 (by rank 39)
Sequences (1:29) Aligned. Score:  73.97 (by rank 28)
Sequences (1:5) Aligned. Score:  64.38 (by rank 4)
Sequences (1:21) Aligned. Score:  70.58 (by rank 20)
Sequences (1:7) Aligned. Score:  63.76 (by rank 6)
Sequences (2:5) Aligned. Score:  85.72 (by rank 44)
Sequences (1:24) Aligned. Score:  67.12 (by rank 23)
Sequences (2:7) Aligned. Score:  87.23 (by rank 46)
Sequences (1:9) Aligned. Score:  68.19 (by rank 8)
Sequences (2:6) Aligned. Score:  87.76 (by rank 45)
Sequences (1:6) Aligned. Score:  67.87 (by rank 5)
Sequences (2:8) Aligned. Score:  78.50 (by rank 47)
Sequences (1:10) Aligned. Score:  64.34 (by rank 9)
Sequences (1:12) Aligned. Score:  65.90 (by rank 11)
Sequences (1:8) Aligned. Score:  68.75 (by rank 7)
Sequences (1:11) Aligned. Score:  63.46 (by rank 10)
Sequences (1:15) Aligned. Score:  65.69 (by rank 14)
Sequences (1:14) Aligned. Score:  64.54 (by rank 13)
Sequences (2:11) Aligned. Score:  74.94 (by rank 29)
Sequences (2:28) Aligned. Score:  74.34 (by rank 37)
Sequences (2:12) Aligned. Score:  75.21 (by rank 40)
Sequences (2:13) Aligned. Score:  74.79 (by rank 27)
Sequences (2:30) Aligned. Score:  74.08 (by rank 25)
Sequences (2:15) Aligned. Score:  75.57 (by rank 26)
Sequences (2:14) Aligned. Score:  74.01 (by rank 41)
Sequences (2:20) Aligned. Score:  76.21 (by rank 18)
Sequences (2:41) Aligned. Score:  65.06 (by rank 39)
Sequences (2:27) Aligned. Score:  74.54 (by rank 1)
Sequences (2:16) Aligned. Score:  75.06 (by rank 48)
Sequences (2:22) Aligned. Score:  74.97 (by rank 3)
Sequences (2:17) Aligned. Score:  72.79 (by rank 43)
Sequences (2:19) Aligned. Score:  75.08 (by rank 38)
Sequences (2:23) Aligned. Score:  72.37 (by rank 19)
Sequences (2:39) Aligned. Score:  73.51 (by rank 30)
Sequences (2:32) Aligned. Score:  76.05 (by rank 21)
Sequences (2:18) Aligned. Score:  76.06 (by rank 42)
Sequences (2:24) Aligned. Score:  72.17 (by rank 22)
Sequences (3:5) Aligned. Score:  85.87 (by rank 20)
Sequences (2:25) Aligned. Score:  73.47 (by rank 35)
Sequences (2:26) Aligned. Score:  70.84 (by rank 31)
Sequences (2:42) Aligned. Score:  76.63 (by rank 28)
Sequences (2:36) Aligned. Score:  73.02 (by rank 32)
Sequences (2:33) Aligned. Score:  74.18 (by rank 33)
Sequences (2:34) Aligned. Score:  73.21 (by rank 16)
Sequences (2:31) Aligned. Score:  73.78 (by rank 24)
Sequences (2:35) Aligned. Score:  75.13 (by rank 49)
Sequences (2:21) Aligned. Score:  71.99 (by rank 2)
Sequences (2:37) Aligned. Score:  71.71 (by rank 34)
Sequences (2:38) Aligned. Score:  73.58 (by rank 12)
Sequences (2:29) Aligned. Score:  71.09 (by rank 36)
Sequences (2:40) Aligned. Score:  74.53 (by rank 17)
Sequences (3:8) Aligned. Score:  74.51 (by rank 23)
Sequences (1:16) Aligned. Score:  69.15 (by rank 15)
Sequences (3:4) Aligned. Score:  83.33 (by rank 4)
Sequences (3:7) Aligned. Score:  86.88 (by rank 44)
Sequences (3:6) Aligned. Score:  83.80 (by rank 6)
Sequences (3:9) Aligned. Score:  74.58 (by rank 46)
Sequences (3:18) Aligned. Score:  75.00 (by rank 14)
Sequences (3:19) Aligned. Score:  70.03 (by rank 13)
Sequences (3:10) Aligned. Score:  73.28 (by rank 45)
Sequences (3:11) Aligned. Score:  73.28 (by rank 8)
Sequences (3:15) Aligned. Score:  70.28 (by rank 11)
Sequences (3:13) Aligned. Score:  73.41 (by rank 47)
Sequences (3:12) Aligned. Score:  73.47 (by rank 5)
Sequences (3:17) Aligned. Score:  70.79 (by rank 10)
Sequences (3:14) Aligned. Score:  71.68 (by rank 9)
Sequences (3:16) Aligned. Score:  73.21 (by rank 7)
Sequences (3:22) Aligned. Score:  69.31 (by rank 40)
Sequences (3:20) Aligned. Score:  75.19 (by rank 29)
Sequences (3:41) Aligned. Score:  61.87 (by rank 35)
Sequences (3:28) Aligned. Score:  72.27 (by rank 39)
Sequences (3:27) Aligned. Score:  71.40 (by rank 18)
Sequences (3:30) Aligned. Score:  71.84 (by rank 1)
Sequences (4:5) Aligned. Score:  88.13 (by rank 32)
Sequences (3:23) Aligned. Score:  71.37 (by rank 27)
Sequences (4:7) Aligned. Score:  88.87 (by rank 33)
Sequences (3:24) Aligned. Score:  73.08 (by rank 25)
Sequences (3:25) Aligned. Score:  71.35 (by rank 26)
Sequences (3:42) Aligned. Score:  73.47 (by rank 31)
Sequences (3:26) Aligned. Score:  68.97 (by rank 41)
Sequences (3:32) Aligned. Score:  73.41 (by rank 43)
Sequences (3:39) Aligned. Score:  71.69 (by rank 30)
Sequences (4:9) Aligned. Score:  75.84 (by rank 24)
Sequences (3:33) Aligned. Score:  71.62 (by rank 19)
Sequences (4:6) Aligned. Score:  87.90 (by rank 16)
Sequences (3:21) Aligned. Score:  71.49 (by rank 37)
Sequences (3:34) Aligned. Score:  73.21 (by rank 3)
Sequences (3:35) Aligned. Score:  72.08 (by rank 20)
Sequences (3:36) Aligned. Score:  69.87 (by rank 42)
Sequences (3:31) Aligned. Score:  71.62 (by rank 48)
Sequences (4:8) Aligned. Score:  78.42 (by rank 49)
Sequences (3:38) Aligned. Score:  71.09 (by rank 21)
Sequences (3:37) Aligned. Score:  70.62 (by rank 22)
Sequences (3:40) Aligned. Score:  73.54 (by rank 28)
Sequences (3:29) Aligned. Score:  70.03 (by rank 38)
Sequences (4:10) Aligned. Score:  78.83 (by rank 34)
Sequences (4:11) Aligned. Score:  78.69 (by rank 2)
Sequences (4:12) Aligned. Score:  78.42 (by rank 12)
Sequences (4:13) Aligned. Score:  78.55 (by rank 36)
Sequences (4:15) Aligned. Score:  75.82 (by rank 23)
Sequences (4:14) Aligned. Score:  77.05 (by rank 17)
Sequences (4:22) Aligned. Score:  77.66 (by rank 14)
Sequences (4:21) Aligned. Score:  77.12 (by rank 13)
Sequences (4:17) Aligned. Score:  75.48 (by rank 4)
Sequences (4:19) Aligned. Score:  75.82 (by rank 6)
Sequences (4:16) Aligned. Score:  78.83 (by rank 15)
Sequences (4:18) Aligned. Score:  80.40 (by rank 44)
Sequences (4:20) Aligned. Score:  75.60 (by rank 46)
Sequences (4:28) Aligned. Score:  73.34 (by rank 10)
Sequences (4:30) Aligned. Score:  74.80 (by rank 7)
Sequences (5:6) Aligned. Score:  88.13 (by rank 31)
Sequences (4:32) Aligned. Score:  76.57 (by rank 29)
Sequences (5:7) Aligned. Score:  87.18 (by rank 41)
Sequences (4:41) Aligned. Score:  68.72 (by rank 26)
Sequences (4:27) Aligned. Score:  74.04 (by rank 47)
Sequences (4:23) Aligned. Score:  73.29 (by rank 45)
Sequences (5:9) Aligned. Score:  73.93 (by rank 24)
Sequences (5:8) Aligned. Score:  78.37 (by rank 37)
Sequences (4:34) Aligned. Score:  76.91 (by rank 39)
Sequences (4:33) Aligned. Score:  77.53 (by rank 35)
Sequences (4:24) Aligned. Score:  76.09 (by rank 11)
Sequences (4:31) Aligned. Score:  79.17 (by rank 40)
Sequences (4:42) Aligned. Score:  73.95 (by rank 43)
Sequences (5:17) Aligned. Score:  73.42 (by rank 49)
Sequences (4:35) Aligned. Score:  78.55 (by rank 18)
Sequences (4:36) Aligned. Score:  73.77 (by rank 32)
Sequences (4:39) Aligned. Score:  76.23 (by rank 33)
Sequences (5:10) Aligned. Score:  76.98 (by rank 30)
Sequences (5:12) Aligned. Score:  76.55 (by rank 16)
Sequences (5:11) Aligned. Score:  77.13 (by rank 19)
Sequences (5:15) Aligned. Score:  76.55 (by rank 20)
Sequences (5:14) Aligned. Score:  76.33 (by rank 3)
Sequences (4:37) Aligned. Score:  74.86 (by rank 1)
Sequences (4:25) Aligned. Score:  76.64 (by rank 8)
Sequences (5:13) Aligned. Score:  77.71 (by rank 42)
Sequences (4:26) Aligned. Score:  74.93 (by rank 5)
Sequences (5:22) Aligned. Score:  73.49 (by rank 34)
Sequences (5:16) Aligned. Score:  78.95 (by rank 48)
Sequences (5:19) Aligned. Score:  76.47 (by rank 21)
Sequences (5:20) Aligned. Score:  77.57 (by rank 28)
Sequences (5:18) Aligned. Score:  79.68 (by rank 22)
Sequences (5:26) Aligned. Score:  69.92 (by rank 23)
Sequences (4:38) Aligned. Score:  75.89 (by rank 27)
Sequences (5:27) Aligned. Score:  71.30 (by rank 17)
Sequences (4:29) Aligned. Score:  75.82 (by rank 9)
Sequences (4:40) Aligned. Score:  80.40 (by rank 25)
Sequences (5:23) Aligned. Score:  75.16 (by rank 2)
Sequences (5:21) Aligned. Score:  72.76 (by rank 38)
Sequences (5:25) Aligned. Score:  76.33 (by rank 12)
Sequences (5:24) Aligned. Score:  76.04 (by rank 36)
Sequences (5:28) Aligned. Score:  73.56 (by rank 14)
Sequences (5:29) Aligned. Score:  73.05 (by rank 13)
Sequences (5:32) Aligned. Score:  75.97 (by rank 15)
Sequences (5:30) Aligned. Score:  71.96 (by rank 4)
Sequences (5:39) Aligned. Score:  76.62 (by rank 31)
Sequences (6:7) Aligned. Score:  93.69 (by rank 24)
Sequences (5:37) Aligned. Score:  74.58 (by rank 41)
Sequences (5:38) Aligned. Score:  74.73 (by rank 29)
Sequences (5:40) Aligned. Score:  76.77 (by rank 26)
Sequences (6:28) Aligned. Score:  73.98 (by rank 48)
Sequences (5:31) Aligned. Score:  75.16 (by rank 6)
Sequences (5:33) Aligned. Score:  75.24 (by rank 44)
Sequences (6:8) Aligned. Score:  78.40 (by rank 37)
Sequences (6:30) Aligned. Score:  72.35 (by rank 21)
Sequences (6:20) Aligned. Score:  76.69 (by rank 19)
Sequences (5:34) Aligned. Score:  77.20 (by rank 46)
Sequences (6:15) Aligned. Score:  76.62 (by rank 32)
Sequences (6:27) Aligned. Score:  73.89 (by rank 3)
Sequences (6:12) Aligned. Score:  79.08 (by rank 35)
Sequences (6:17) Aligned. Score:  76.97 (by rank 33)
Sequences (6:13) Aligned. Score:  78.88 (by rank 40)
Sequences (6:10) Aligned. Score:  78.61 (by rank 43)
Sequences (6:11) Aligned. Score:  78.95 (by rank 39)
Sequences (6:16) Aligned. Score:  78.20 (by rank 18)
Sequences (6:22) Aligned. Score:  77.92 (by rank 16)
Sequences (6:19) Aligned. Score:  76.28 (by rank 20)
Sequences (6:14) Aligned. Score:  77.79 (by rank 49)
Sequences (6:18) Aligned. Score:  80.79 (by rank 30)
Sequences (5:35) Aligned. Score:  75.09 (by rank 10)
Sequences (6:32) Aligned. Score:  77.03 (by rank 22)
Sequences (6:25) Aligned. Score:  77.79 (by rank 1)
Sequences (6:26) Aligned. Score:  75.94 (by rank 34)
Sequences (5:41) Aligned. Score:  73.71 (by rank 47)
Sequences (5:36) Aligned. Score:  73.20 (by rank 7)
Sequences (6:34) Aligned. Score:  78.33 (by rank 23)
Sequences (6:33) Aligned. Score:  78.06 (by rank 17)
Sequences (6:31) Aligned. Score:  78.20 (by rank 28)
Sequences (5:42) Aligned. Score:  78.59 (by rank 45)
Sequences (6:39) Aligned. Score:  74.50 (by rank 36)
Sequences (6:35) Aligned. Score:  77.65 (by rank 25)
Sequences (6:29) Aligned. Score:  74.64 (by rank 27)
Sequences (6:21) Aligned. Score:  76.56 (by rank 42)
Sequences (6:37) Aligned. Score:  76.83 (by rank 2)
Sequences (6:38) Aligned. Score:  76.49 (by rank 38)
Sequences (6:40) Aligned. Score:  79.02 (by rank 12)
Sequences (6:9) Aligned. Score:  76.33 (by rank 11)
Sequences (6:41) Aligned. Score:  71.16 (by rank 14)
Sequences (6:23) Aligned. Score:  74.98 (by rank 8)
Sequences (6:24) Aligned. Score:  75.67 (by rank 5)
Sequences (6:36) Aligned. Score:  74.09 (by rank 9)
Sequences (6:42) Aligned. Score:  72.92 (by rank 13)
Sequences (7:8) Aligned. Score:  77.23 (by rank 15)
Sequences (7:10) Aligned. Score:  78.09 (by rank 31)
Sequences (7:11) Aligned. Score:  77.80 (by rank 24)
Sequences (7:12) Aligned. Score:  78.30 (by rank 41)
Sequences (7:13) Aligned. Score:  78.30 (by rank 29)
Sequences (7:14) Aligned. Score:  76.60 (by rank 26)
Sequences (7:17) Aligned. Score:  73.83 (by rank 37)
Sequences (7:15) Aligned. Score:  75.60 (by rank 48)
Sequences (7:22) Aligned. Score:  73.55 (by rank 32)
Sequences (7:28) Aligned. Score:  73.98 (by rank 39)
Sequences (7:27) Aligned. Score:  72.55 (by rank 33)
Sequences (7:30) Aligned. Score:  72.13 (by rank 49)
Sequences (7:19) Aligned. Score:  78.16 (by rank 21)
Sequences (7:23) Aligned. Score:  74.18 (by rank 40)
Sequences (7:32) Aligned. Score:  78.30 (by rank 16)
Sequences (7:26) Aligned. Score:  74.75 (by rank 3)
Sequences (7:42) Aligned. Score:  74.75 (by rank 28)
Sequences (7:25) Aligned. Score:  75.74 (by rank 35)
Sequences (7:41) Aligned. Score:  74.04 (by rank 17)
Sequences (7:9) Aligned. Score:  75.53 (by rank 4)
Sequences (7:24) Aligned. Score:  76.74 (by rank 43)
Sequences (7:34) Aligned. Score:  78.58 (by rank 30)
Sequences (7:31) Aligned. Score:  76.74 (by rank 18)
Sequences (7:21) Aligned. Score:  75.53 (by rank 19)
Sequences (7:35) Aligned. Score:  77.73 (by rank 22)
Sequences (7:36) Aligned. Score:  74.40 (by rank 34)
Sequences (7:29) Aligned. Score:  73.69 (by rank 20)
Sequences (7:38) Aligned. Score:  74.26 (by rank 1)
Sequences (7:40) Aligned. Score:  78.44 (by rank 23)
Sequences (8:15) Aligned. Score:  79.58 (by rank 38)
Sequences (8:10) Aligned. Score:  81.88 (by rank 36)
Sequences (8:12) Aligned. Score:  82.15 (by rank 42)
Sequences (8:11) Aligned. Score:  81.27 (by rank 25)
Sequences (8:13) Aligned. Score:  83.03 (by rank 27)
Sequences (8:14) Aligned. Score:  81.68 (by rank 2)
Sequences (7:20) Aligned. Score:  77.09 (by rank 46)
Sequences (7:16) Aligned. Score:  78.09 (by rank 6)
Sequences (8:16) Aligned. Score:  81.88 (by rank 12)
Sequences (7:18) Aligned. Score:  80.07 (by rank 44)
Sequences (7:39) Aligned. Score:  75.25 (by rank 47)
Sequences (7:33) Aligned. Score:  77.80 (by rank 10)
Sequences (8:9) Aligned. Score:  86.87 (by rank 45)
Sequences (7:37) Aligned. Score:  75.04 (by rank 7)
Sequences (8:18) Aligned. Score:  81.68 (by rank 14)
Sequences (8:17) Aligned. Score:  78.57 (by rank 11)
Sequences (8:22) Aligned. Score:  78.70 (by rank 13)
Sequences (8:23) Aligned. Score:  78.09 (by rank 15)
Sequences (8:20) Aligned. Score:  79.36 (by rank 5)
Sequences (8:19) Aligned. Score:  77.35 (by rank 8)
Sequences (8:28) Aligned. Score:  73.84 (by rank 26)
Sequences (8:27) Aligned. Score:  73.11 (by rank 29)
Sequences (8:30) Aligned. Score:  72.78 (by rank 32)
Sequences (8:21) Aligned. Score:  77.69 (by rank 9)
Sequences (8:24) Aligned. Score:  76.81 (by rank 31)
Sequences (8:32) Aligned. Score:  77.47 (by rank 48)
Sequences (8:41) Aligned. Score:  69.24 (by rank 43)
Sequences (8:26) Aligned. Score:  74.44 (by rank 41)
Sequences (8:25) Aligned. Score:  76.81 (by rank 24)
Sequences (8:42) Aligned. Score:  75.33 (by rank 17)
Sequences (8:33) Aligned. Score:  79.24 (by rank 33)
Sequences (8:31) Aligned. Score:  76.34 (by rank 39)
Sequences (8:29) Aligned. Score:  74.65 (by rank 37)
Sequences (8:39) Aligned. Score:  74.44 (by rank 3)
Sequences (8:34) Aligned. Score:  79.31 (by rank 49)
Sequences (9:15) Aligned. Score:  78.16 (by rank 19)
Sequences (8:35) Aligned. Score:  77.01 (by rank 21)
Sequences (8:36) Aligned. Score:  72.68 (by rank 40)
Sequences (9:10) Aligned. Score:  80.76 (by rank 35)
Sequences (9:12) Aligned. Score:  81.88 (by rank 30)
Sequences (9:13) Aligned. Score:  81.32 (by rank 22)
Sequences (9:11) Aligned. Score:  79.56 (by rank 18)
Sequences (9:17) Aligned. Score:  79.35 (by rank 1)
Sequences (8:38) Aligned. Score:  77.62 (by rank 16)
Sequences (9:14) Aligned. Score:  79.71 (by rank 34)
Sequences (8:37) Aligned. Score:  76.54 (by rank 28)
Sequences (9:16) Aligned. Score:  80.13 (by rank 20)
Sequences (9:18) Aligned. Score:  80.34 (by rank 23)
Sequences (9:28) Aligned. Score:  72.69 (by rank 12)
Sequences (9:20) Aligned. Score:  80.48 (by rank 38)
Sequences (9:22) Aligned. Score:  77.88 (by rank 42)
Sequences (9:19) Aligned. Score:  78.37 (by rank 36)
Sequences (9:23) Aligned. Score:  77.18 (by rank 25)
Sequences (9:24) Aligned. Score:  77.53 (by rank 2)
Sequences (9:21) Aligned. Score:  77.88 (by rank 27)
Sequences (9:33) Aligned. Score:  79.78 (by rank 14)
Sequences (8:40) Aligned. Score:  79.31 (by rank 4)
Sequences (9:27) Aligned. Score:  75.28 (by rank 44)
Sequences (9:30) Aligned. Score:  73.29 (by rank 10)
Sequences (9:35) Aligned. Score:  77.11 (by rank 13)
Sequences (9:26) Aligned. Score:  74.51 (by rank 6)
Sequences (9:25) Aligned. Score:  76.76 (by rank 46)
Sequences (9:36) Aligned. Score:  72.40 (by rank 15)
Sequences (9:32) Aligned. Score:  79.28 (by rank 7)
Sequences (9:29) Aligned. Score:  75.56 (by rank 47)
Sequences (9:31) Aligned. Score:  78.16 (by rank 45)
Sequences (9:41) Aligned. Score:  69.80 (by rank 32)
Sequences (9:39) Aligned. Score:  75.14 (by rank 26)
Sequences (9:40) Aligned. Score:  80.62 (by rank 29)
Sequences (9:34) Aligned. Score:  81.11 (by rank 11)
Sequences (9:37) Aligned. Score:  74.79 (by rank 5)
Sequences (10:11) Aligned. Score:  88.73 (by rank 31)
Sequences (10:30) Aligned. Score:  74.44 (by rank 1)
Sequences (10:15) Aligned. Score:  81.53 (by rank 24)
Sequences (10:28) Aligned. Score:  74.62 (by rank 18)
Sequences (10:13) Aligned. Score:  84.15 (by rank 48)
Sequences (9:38) Aligned. Score:  77.53 (by rank 8)
Sequences (10:12) Aligned. Score:  83.84 (by rank 43)
Sequences (10:20) Aligned. Score:  77.72 (by rank 39)
Sequences (10:14) Aligned. Score:  82.15 (by rank 41)
Sequences (10:16) Aligned. Score:  80.07 (by rank 17)
Sequences (9:42) Aligned. Score:  74.37 (by rank 9)
Sequences (10:19) Aligned. Score:  73.30 (by rank 49)
Sequences (10:17) Aligned. Score:  77.98 (by rank 33)
Sequences (10:18) Aligned. Score:  78.89 (by rank 37)
Sequences (10:27) Aligned. Score:  75.63 (by rank 30)
Sequences (10:22) Aligned. Score:  76.50 (by rank 21)
Sequences (10:23) Aligned. Score:  75.90 (by rank 40)
Sequences (10:24) Aligned. Score:  76.16 (by rank 19)
Sequences (10:32) Aligned. Score:  77.40 (by rank 20)
Sequences (10:25) Aligned. Score:  75.31 (by rank 35)
Sequences (10:26) Aligned. Score:  74.04 (by rank 22)
Sequences (10:33) Aligned. Score:  76.34 (by rank 16)
Sequences (10:21) Aligned. Score:  76.22 (by rank 3)
Sequences (10:31) Aligned. Score:  76.29 (by rank 28)
Sequences (10:39) Aligned. Score:  74.66 (by rank 25)
Sequences (10:34) Aligned. Score:  76.42 (by rank 23)
Sequences (10:29) Aligned. Score:  74.20 (by rank 34)
Sequences (10:36) Aligned. Score:  73.42 (by rank 38)
Sequences (10:35) Aligned. Score:  76.05 (by rank 12)
Sequences (10:41) Aligned. Score:  68.86 (by rank 27)
Sequences (10:37) Aligned. Score:  72.96 (by rank 42)
Sequences (10:38) Aligned. Score:  75.44 (by rank 36)
Sequences (10:40) Aligned. Score:  76.74 (by rank 2)
Sequences (10:42) Aligned. Score:  76.22 (by rank 14)
Sequences (11:15) Aligned. Score:  83.00 (by rank 13)
Sequences (11:18) Aligned. Score:  77.98 (by rank 15)
Sequences (11:22) Aligned. Score:  77.03 (by rank 32)
Sequences (11:23) Aligned. Score:  75.83 (by rank 26)
Sequences (11:12) Aligned. Score:  83.86 (by rank 4)
Sequences (11:13) Aligned. Score:  83.89 (by rank 44)
Sequences (11:14) Aligned. Score:  82.44 (by rank 10)
Sequences (11:24) Aligned. Score:  74.12 (by rank 29)
Sequences (11:30) Aligned. Score:  74.37 (by rank 1)
Sequences (11:17) Aligned. Score:  77.51 (by rank 6)
Sequences (11:16) Aligned. Score:  79.16 (by rank 46)
Sequences (11:20) Aligned. Score:  77.38 (by rank 47)
Sequences (11:27) Aligned. Score:  75.63 (by rank 31)
Sequences (11:19) Aligned. Score:  74.09 (by rank 7)
Sequences (11:32) Aligned. Score:  76.52 (by rank 48)
Sequences (11:41) Aligned. Score:  67.49 (by rank 37)
Sequences (11:42) Aligned. Score:  75.19 (by rank 21)
Sequences (11:39) Aligned. Score:  71.76 (by rank 33)
Sequences (11:36) Aligned. Score:  73.42 (by rank 17)
Sequences (11:34) Aligned. Score:  74.94 (by rank 39)
Sequences (11:33) Aligned. Score:  75.36 (by rank 43)
Sequences (12:13) Aligned. Score:  93.84 (by rank 30)
Sequences (11:35) Aligned. Score:  74.93 (by rank 41)
Sequences (11:29) Aligned. Score:  72.73 (by rank 18)
Sequences (12:15) Aligned. Score:  85.54 (by rank 20)
Sequences (11:37) Aligned. Score:  74.68 (by rank 49)
Sequences (12:19) Aligned. Score:  72.90 (by rank 3)
Sequences (12:14) Aligned. Score:  85.36 (by rank 19)
Sequences (11:40) Aligned. Score:  76.62 (by rank 40)
Sequences (12:28) Aligned. Score:  74.41 (by rank 42)
Sequences (12:20) Aligned. Score:  79.49 (by rank 28)
Sequences (12:16) Aligned. Score:  79.90 (by rank 35)
Sequences (12:17) Aligned. Score:  77.78 (by rank 22)
Sequences (11:21) Aligned. Score:  74.29 (by rank 45)
Sequences (12:18) Aligned. Score:  79.12 (by rank 16)
Sequences (12:23) Aligned. Score:  77.56 (by rank 34)
Sequences (12:27) Aligned. Score:  73.24 (by rank 36)
Sequences (12:22) Aligned. Score:  78.03 (by rank 23)
Sequences (12:30) Aligned. Score:  74.01 (by rank 14)
Sequences (12:24) Aligned. Score:  75.15 (by rank 38)
Sequences (11:25) Aligned. Score:  74.61 (by rank 11)
Sequences (12:25) Aligned. Score:  75.93 (by rank 12)
Sequences (12:26) Aligned. Score:  73.19 (by rank 27)
Sequences (12:21) Aligned. Score:  74.76 (by rank 25)
Sequences (11:26) Aligned. Score:  72.54 (by rank 5)
Sequences (11:31) Aligned. Score:  75.13 (by rank 8)
Sequences (11:38) Aligned. Score:  75.91 (by rank 9)
Sequences (12:29) Aligned. Score:  74.11 (by rank 2)
Sequences (11:28) Aligned. Score:  75.05 (by rank 24)
Sequences (12:31) Aligned. Score:  76.84 (by rank 13)
Sequences (12:32) Aligned. Score:  76.86 (by rank 15)
Sequences (12:34) Aligned. Score:  76.45 (by rank 26)
Sequences (12:33) Aligned. Score:  76.80 (by rank 32)
Sequences (12:39) Aligned. Score:  73.85 (by rank 1)
Sequences (12:38) Aligned. Score:  76.12 (by rank 29)
Sequences (13:15) Aligned. Score:  85.94 (by rank 31)
Sequences (13:28) Aligned. Score:  74.77 (by rank 19)
Sequences (13:20) Aligned. Score:  79.63 (by rank 17)
Sequences (13:27) Aligned. Score:  73.31 (by rank 49)
Sequences (13:30) Aligned. Score:  74.08 (by rank 40)
Sequences (13:17) Aligned. Score:  77.98 (by rank 37)
Sequences (13:16) Aligned. Score:  81.20 (by rank 48)
Sequences (13:18) Aligned. Score:  79.57 (by rank 33)
Sequences (13:22) Aligned. Score:  77.63 (by rank 39)
Sequences (13:23) Aligned. Score:  77.23 (by rank 41)
Sequences (13:24) Aligned. Score:  76.16 (by rank 18)
Sequences (12:36) Aligned. Score:  74.03 (by rank 44)
Sequences (12:35) Aligned. Score:  76.12 (by rank 4)
Sequences (12:41) Aligned. Score:  70.14 (by rank 46)
Sequences (13:25) Aligned. Score:  75.83 (by rank 30)
Sequences (13:26) Aligned. Score:  74.53 (by rank 20)
Sequences (13:32) Aligned. Score:  77.67 (by rank 42)
Sequences (13:41) Aligned. Score:  69.94 (by rank 38)
Sequences (13:39) Aligned. Score:  74.39 (by rank 23)
Sequences (12:42) Aligned. Score:  77.53 (by rank 47)
Sequences (13:21) Aligned. Score:  76.29 (by rank 43)
Sequences (13:34) Aligned. Score:  76.75 (by rank 22)
Sequences (13:29) Aligned. Score:  73.74 (by rank 3)
Sequences (13:35) Aligned. Score:  76.32 (by rank 35)
Sequences (13:31) Aligned. Score:  77.21 (by rank 28)
Sequences (13:36) Aligned. Score:  73.22 (by rank 36)
Sequences (12:37) Aligned. Score:  75.02 (by rank 10)
Sequences (13:38) Aligned. Score:  76.36 (by rank 16)
Sequences (14:15) Aligned. Score:  96.18 (by rank 12)
Sequences (13:37) Aligned. Score:  75.31 (by rank 34)
Sequences (13:40) Aligned. Score:  79.44 (by rank 14)
Sequences (12:40) Aligned. Score:  78.53 (by rank 6)
Sequences (13:14) Aligned. Score:  86.05 (by rank 7)
Sequences (14:16) Aligned. Score:  78.70 (by rank 27)
Sequences (14:17) Aligned. Score:  77.11 (by rank 25)
Sequences (13:42) Aligned. Score:  77.25 (by rank 11)
Sequences (13:33) Aligned. Score:  77.65 (by rank 45)
Sequences (14:21) Aligned. Score:  75.11 (by rank 2)
Sequences (14:22) Aligned. Score:  77.36 (by rank 24)
Sequences (13:19) Aligned. Score:  76.40 (by rank 21)
Sequences (14:23) Aligned. Score:  74.90 (by rank 13)
Sequences (14:20) Aligned. Score:  76.76 (by rank 9)
Sequences (14:18) Aligned. Score:  78.42 (by rank 5)
Sequences (14:19) Aligned. Score:  75.74 (by rank 8)
Sequences (14:24) Aligned. Score:  74.64 (by rank 15)
Sequences (14:28) Aligned. Score:  72.55 (by rank 29)
Sequences (14:27) Aligned. Score:  76.04 (by rank 1)
Sequences (14:25) Aligned. Score:  75.11 (by rank 26)
Sequences (14:26) Aligned. Score:  72.99 (by rank 32)
Sequences (14:30) Aligned. Score:  72.20 (by rank 49)
Sequences (14:32) Aligned. Score:  77.81 (by rank 19)
Sequences (14:39) Aligned. Score:  73.11 (by rank 18)
Sequences (14:34) Aligned. Score:  76.22 (by rank 17)
Sequences (14:33) Aligned. Score:  76.41 (by rank 37)
Sequences (14:35) Aligned. Score:  77.37 (by rank 48)
Sequences (14:29) Aligned. Score:  73.95 (by rank 31)
Sequences (14:36) Aligned. Score:  73.15 (by rank 33)
Sequences (15:28) Aligned. Score:  72.19 (by rank 35)
Sequences (14:31) Aligned. Score:  75.11 (by rank 40)
Sequences (15:30) Aligned. Score:  71.05 (by rank 16)
Sequences (15:20) Aligned. Score:  75.26 (by rank 23)
Sequences (15:17) Aligned. Score:  74.90 (by rank 30)
Sequences (14:37) Aligned. Score:  73.49 (by rank 39)
Sequences (15:16) Aligned. Score:  79.18 (by rank 20)
Sequences (15:19) Aligned. Score:  75.64 (by rank 38)
Sequences (14:38) Aligned. Score:  75.76 (by rank 41)
Sequences (15:22) Aligned. Score:  75.37 (by rank 43)
Sequences (15:18) Aligned. Score:  78.65 (by rank 42)
Sequences (15:27) Aligned. Score:  73.72 (by rank 28)
Sequences (15:24) Aligned. Score:  75.23 (by rank 36)
Sequences (15:25) Aligned. Score:  74.43 (by rank 3)
Sequences (15:32) Aligned. Score:  75.98 (by rank 14)
Sequences (15:23) Aligned. Score:  72.69 (by rank 22)
Sequences (15:31) Aligned. Score:  75.90 (by rank 34)
Sequences (15:29) Aligned. Score:  74.10 (by rank 12)
Sequences (14:41) Aligned. Score:  67.92 (by rank 4)
Sequences (15:35) Aligned. Score:  76.71 (by rank 27)
Sequences (15:36) Aligned. Score:  72.01 (by rank 25)
Sequences (14:42) Aligned. Score:  76.43 (by rank 46)
Sequences (15:39) Aligned. Score:  73.45 (by rank 2)
Sequences (14:40) Aligned. Score:  78.09 (by rank 44)
Sequences (15:26) Aligned. Score:  71.29 (by rank 10)
Sequences (15:41) Aligned. Score:  70.28 (by rank 21)
Sequences (15:42) Aligned. Score:  75.81 (by rank 13)
Sequences (15:21) Aligned. Score:  75.23 (by rank 47)
Sequences (15:34) Aligned. Score:  76.31 (by rank 7)
Sequences (15:33) Aligned. Score:  76.10 (by rank 6)
Sequences (15:40) Aligned. Score:  77.91 (by rank 24)
Sequences (16:20) Aligned. Score:  78.47 (by rank 15)
Sequences (15:37) Aligned. Score:  72.62 (by rank 11)
Sequences (15:38) Aligned. Score:  74.10 (by rank 45)
Sequences (16:22) Aligned. Score:  77.03 (by rank 1)
Sequences (16:24) Aligned. Score:  78.54 (by rank 26)
Sequences (16:23) Aligned. Score:  76.10 (by rank 32)
Sequences (16:21) Aligned. Score:  77.47 (by rank 29)
Sequences (16:28) Aligned. Score:  75.20 (by rank 37)
Sequences (16:30) Aligned. Score:  75.60 (by rank 31)
Sequences (16:25) Aligned. Score:  75.39 (by rank 49)
Sequences (16:17) Aligned. Score:  76.78 (by rank 9)
Sequences (16:19) Aligned. Score:  75.88 (by rank 8)
Sequences (16:27) Aligned. Score:  77.61 (by rank 17)
Sequences (16:26) Aligned. Score:  72.73 (by rank 19)
Sequences (16:32) Aligned. Score:  79.03 (by rank 48)
Sequences (16:18) Aligned. Score:  80.13 (by rank 5)
Sequences (16:41) Aligned. Score:  69.09 (by rank 38)
Sequences (16:42) Aligned. Score:  77.04 (by rank 43)
Sequences (16:34) Aligned. Score:  76.82 (by rank 35)
Sequences (16:39) Aligned. Score:  77.84 (by rank 20)
Sequences (16:33) Aligned. Score:  78.44 (by rank 40)
Sequences (16:29) Aligned. Score:  74.94 (by rank 18)
Sequences (16:36) Aligned. Score:  73.29 (by rank 16)
Sequences (16:31) Aligned. Score:  77.14 (by rank 33)
Sequences (16:35) Aligned. Score:  76.18 (by rank 23)
Sequences (17:20) Aligned. Score:  79.29 (by rank 36)
Sequences (17:19) Aligned. Score:  74.72 (by rank 28)
Sequences (16:38) Aligned. Score:  75.52 (by rank 30)
Sequences (16:37) Aligned. Score:  74.74 (by rank 39)
Sequences (17:18) Aligned. Score:  78.04 (by rank 42)
Sequences (16:40) Aligned. Score:  79.74 (by rank 41)
Sequences (17:22) Aligned. Score:  74.90 (by rank 14)
Sequences (17:23) Aligned. Score:  74.97 (by rank 22)
Sequences (17:24) Aligned. Score:  74.45 (by rank 34)
Sequences (17:27) Aligned. Score:  76.93 (by rank 25)
Sequences (17:21) Aligned. Score:  75.45 (by rank 3)
Sequences (17:26) Aligned. Score:  74.58 (by rank 12)
Sequences (17:29) Aligned. Score:  73.65 (by rank 27)
Sequences (17:28) Aligned. Score:  73.12 (by rank 46)
Sequences (17:31) Aligned. Score:  75.38 (by rank 2)
Sequences (17:33) Aligned. Score:  75.45 (by rank 21)
Sequences (17:34) Aligned. Score:  76.91 (by rank 13)
Sequences (17:30) Aligned. Score:  72.71 (by rank 44)
Sequences (17:38) Aligned. Score:  75.91 (by rank 24)
Sequences (17:39) Aligned. Score:  70.34 (by rank 15)
Sequences (17:25) Aligned. Score:  74.98 (by rank 4)
Sequences (17:42) Aligned. Score:  72.71 (by rank 1)
Sequences (17:32) Aligned. Score:  75.17 (by rank 10)
Sequences (18:20) Aligned. Score:  83.80 (by rank 26)
Sequences (17:36) Aligned. Score:  70.34 (by rank 6)
Sequences (18:19) Aligned. Score:  85.13 (by rank 32)
Sequences (17:35) Aligned. Score:  74.92 (by rank 47)
Sequences (17:37) Aligned. Score:  74.98 (by rank 7)
Sequences (18:28) Aligned. Score:  75.20 (by rank 19)
Sequences (18:23) Aligned. Score:  78.16 (by rank 37)
Sequences (17:41) Aligned. Score:  66.53 (by rank 45)
Sequences (18:24) Aligned. Score:  76.01 (by rank 31)
Sequences (18:22) Aligned. Score:  79.56 (by rank 49)
Sequences (18:30) Aligned. Score:  76.53 (by rank 38)
Sequences (18:27) Aligned. Score:  77.20 (by rank 17)
Sequences (18:21) Aligned. Score:  77.35 (by rank 29)
Sequences (17:40) Aligned. Score:  77.84 (by rank 11)
Sequences (18:32) Aligned. Score:  80.72 (by rank 43)
Sequences (18:39) Aligned. Score:  75.47 (by rank 23)
Sequences (18:42) Aligned. Score:  95.40 (by rank 39)
Sequences (18:41) Aligned. Score:  86.10 (by rank 28)
Sequences (18:33) Aligned. Score:  80.01 (by rank 20)
Sequences (18:34) Aligned. Score:  78.83 (by rank 40)
Sequences (18:36) Aligned. Score:  73.22 (by rank 16)
Sequences (19:20) Aligned. Score:  82.23 (by rank 30)
Sequences (18:35) Aligned. Score:  79.67 (by rank 35)
Sequences (18:29) Aligned. Score:  74.90 (by rank 48)
Sequences (18:38) Aligned. Score:  77.01 (by rank 18)
Sequences (18:37) Aligned. Score:  75.13 (by rank 33)
Sequences (19:22) Aligned. Score:  73.97 (by rank 42)
Sequences (18:40) Aligned. Score:  79.95 (by rank 36)
Sequences (19:28) Aligned. Score:  73.62 (by rank 12)
Sequences (19:23) Aligned. Score:  75.57 (by rank 14)
Sequences (19:24) Aligned. Score:  72.57 (by rank 22)
Sequences (19:27) Aligned. Score:  75.29 (by rank 3)
Sequences (19:21) Aligned. Score:  72.17 (by rank 41)
Sequences (19:26) Aligned. Score:  71.98 (by rank 25)
Sequences (19:25) Aligned. Score:  74.29 (by rank 34)
Sequences (18:26) Aligned. Score:  74.49 (by rank 8)
Sequences (18:25) Aligned. Score:  75.47 (by rank 9)
Sequences (19:29) Aligned. Score:  72.57 (by rank 27)
Sequences (18:31) Aligned. Score:  77.67 (by rank 5)
Sequences (19:31) Aligned. Score:  72.37 (by rank 2)
Sequences (19:32) Aligned. Score:  77.88 (by rank 21)
Sequences (19:33) Aligned. Score:  74.82 (by rank 13)
Sequences (19:36) Aligned. Score:  69.60 (by rank 15)
Sequences (19:35) Aligned. Score:  74.03 (by rank 24)
Sequences (19:30) Aligned. Score:  74.37 (by rank 46)
Sequences (19:38) Aligned. Score:  74.62 (by rank 1)
Sequences (19:42) Aligned. Score:  85.77 (by rank 32)
Sequences (20:28) Aligned. Score:  75.41 (by rank 31)
Sequences (19:40) Aligned. Score:  77.20 (by rank 26)
Sequences (20:27) Aligned. Score:  73.89 (by rank 38)
Sequences (19:34) Aligned. Score:  76.54 (by rank 44)
Sequences (20:23) Aligned. Score:  78.40 (by rank 19)
Sequences (19:37) Aligned. Score:  70.06 (by rank 4)
Sequences (20:30) Aligned. Score:  76.17 (by rank 29)
Sequences (20:24) Aligned. Score:  77.79 (by rank 37)
Sequences (20:26) Aligned. Score:  74.03 (by rank 49)
Sequences (19:39) Aligned. Score:  73.99 (by rank 10)
Sequences (20:32) Aligned. Score:  79.15 (by rank 43)
Sequences (20:41) Aligned. Score:  74.03 (by rank 48)
Sequences (20:29) Aligned. Score:  74.78 (by rank 17)
Sequences (19:41) Aligned. Score:  77.46 (by rank 6)
Sequences (20:39) Aligned. Score:  73.96 (by rank 35)
Sequences (20:33) Aligned. Score:  79.15 (by rank 23)
Sequences (20:34) Aligned. Score:  81.89 (by rank 39)
Sequences (20:42) Aligned. Score:  80.48 (by rank 18)
Sequences (20:35) Aligned. Score:  77.72 (by rank 28)
Sequences (20:36) Aligned. Score:  71.57 (by rank 20)
Sequences (20:37) Aligned. Score:  76.28 (by rank 40)
Sequences (20:38) Aligned. Score:  77.65 (by rank 16)
Sequences (20:40) Aligned. Score:  79.49 (by rank 30)
Sequences (20:22) Aligned. Score:  76.01 (by rank 7)
Sequences (20:21) Aligned. Score:  74.16 (by rank 47)
Sequences (21:28) Aligned. Score:  73.91 (by rank 41)
Sequences (21:30) Aligned. Score:  78.56 (by rank 34)
Sequences (21:22) Aligned. Score:  81.09 (by rank 33)
Sequences (21:23) Aligned. Score:  72.77 (by rank 42)
Sequences (20:25) Aligned. Score:  76.01 (by rank 45)
Sequences (21:24) Aligned. Score:  74.64 (by rank 36)
Sequences (21:27) Aligned. Score:  75.36 (by rank 22)
Sequences (21:26) Aligned. Score:  71.89 (by rank 14)
Sequences (20:31) Aligned. Score:  77.03 (by rank 11)
Sequences (21:25) Aligned. Score:  72.89 (by rank 12)
Sequences (21:31) Aligned. Score:  80.03 (by rank 25)
Sequences (21:29) Aligned. Score:  75.55 (by rank 3)
Sequences (21:36) Aligned. Score:  71.28 (by rank 2)
Sequences (21:34) Aligned. Score:  73.35 (by rank 27)
Sequences (21:39) Aligned. Score:  76.76 (by rank 15)
Sequences (21:37) Aligned. Score:  71.46 (by rank 21)
Sequences (21:38) Aligned. Score:  73.90 (by rank 13)
Sequences (21:42) Aligned. Score:  74.23 (by rank 1)
Sequences (21:32) Aligned. Score:  77.81 (by rank 9)
Sequences (21:40) Aligned. Score:  78.08 (by rank 24)
Sequences (22:28) Aligned. Score:  75.05 (by rank 19)
Sequences (22:23) Aligned. Score:  75.23 (by rank 32)
Sequences (21:33) Aligned. Score:  76.93 (by rank 8)
Sequences (22:30) Aligned. Score:  74.66 (by rank 29)
Sequences (22:24) Aligned. Score:  72.70 (by rank 31)
Sequences (21:35) Aligned. Score:  76.71 (by rank 5)
Sequences (22:25) Aligned. Score:  76.36 (by rank 26)
Sequences (21:41) Aligned. Score:  64.08 (by rank 46)
Sequences (22:26) Aligned. Score:  74.17 (by rank 38)
Sequences (22:32) Aligned. Score:  76.73 (by rank 49)
Sequences (22:41) Aligned. Score:  66.98 (by rank 18)
Sequences (22:42) Aligned. Score:  74.02 (by rank 28)
Sequences (22:31) Aligned. Score:  77.23 (by rank 37)
Sequences (22:39) Aligned. Score:  74.19 (by rank 39)
Sequences (22:36) Aligned. Score:  70.27 (by rank 17)
Sequences (23:27) Aligned. Score:  70.51 (by rank 30)
Sequences (22:34) Aligned. Score:  75.03 (by rank 43)
Sequences (22:35) Aligned. Score:  76.36 (by rank 48)
Sequences (22:38) Aligned. Score:  76.30 (by rank 23)
Sequences (22:40) Aligned. Score:  78.76 (by rank 35)
Sequences (23:24) Aligned. Score:  73.37 (by rank 20)
Sequences (23:26) Aligned. Score:  73.17 (by rank 16)
Sequences (23:25) Aligned. Score:  73.83 (by rank 40)
Sequences (22:27) Aligned. Score:  75.84 (by rank 44)
Sequences (23:32) Aligned. Score:  75.30 (by rank 34)
Sequences (23:28) Aligned. Score:  69.62 (by rank 7)
Sequences (23:36) Aligned. Score:  66.91 (by rank 22)
Sequences (23:33) Aligned. Score:  75.97 (by rank 42)
Sequences (23:31) Aligned. Score:  74.10 (by rank 33)
Sequences (23:39) Aligned. Score:  71.62 (by rank 12)
Sequences (23:29) Aligned. Score:  71.11 (by rank 41)
Sequences (22:29) Aligned. Score:  73.70 (by rank 4)
Sequences (23:35) Aligned. Score:  73.57 (by rank 36)
Sequences (23:41) Aligned. Score:  68.51 (by rank 3)
Sequences (22:33) Aligned. Score:  77.50 (by rank 10)
Sequences (23:37) Aligned. Score:  73.77 (by rank 14)
Sequences (23:30) Aligned. Score:  69.17 (by rank 47)
Sequences (22:37) Aligned. Score:  74.10 (by rank 6)
Sequences (23:42) Aligned. Score:  72.85 (by rank 2)
Sequences (23:40) Aligned. Score:  76.50 (by rank 25)
Sequences (24:27) Aligned. Score:  74.81 (by rank 21)
Sequences (23:34) Aligned. Score:  76.30 (by rank 45)
Sequences (24:25) Aligned. Score:  73.73 (by rank 27)
Sequences (24:28) Aligned. Score:  73.34 (by rank 13)
Sequences (24:26) Aligned. Score:  69.41 (by rank 15)
Sequences (23:38) Aligned. Score:  76.03 (by rank 11)
Sequences (24:30) Aligned. Score:  75.16 (by rank 24)
Sequences (24:29) Aligned. Score:  73.02 (by rank 1)
Sequences (24:32) Aligned. Score:  79.30 (by rank 19)
Sequences (24:33) Aligned. Score:  77.85 (by rank 32)
Sequences (24:35) Aligned. Score:  74.61 (by rank 29)
Sequences (24:41) Aligned. Score:  66.45 (by rank 49)
Sequences (24:39) Aligned. Score:  77.23 (by rank 38)
Sequences (24:37) Aligned. Score:  73.28 (by rank 31)
Sequences (24:42) Aligned. Score:  75.60 (by rank 18)
Sequences (24:38) Aligned. Score:  74.12 (by rank 26)
Sequences (25:28) Aligned. Score:  73.62 (by rank 39)
Sequences (25:30) Aligned. Score:  71.91 (by rank 43)
Sequences (25:27) Aligned. Score:  74.13 (by rank 37)
Sequences (25:32) Aligned. Score:  75.85 (by rank 48)
Sequences (25:26) Aligned. Score:  71.56 (by rank 28)
Sequences (24:31) Aligned. Score:  75.36 (by rank 9)
Sequences (25:31) Aligned. Score:  73.41 (by rank 30)
Sequences (25:29) Aligned. Score:  70.06 (by rank 17)
Sequences (25:34) Aligned. Score:  73.15 (by rank 35)
Sequences (25:33) Aligned. Score:  75.16 (by rank 23)
Sequences (24:34) Aligned. Score:  77.05 (by rank 8)
Sequences (25:36) Aligned. Score:  72.89 (by rank 16)
Sequences (25:41) Aligned. Score:  63.04 (by rank 42)
Sequences (24:36) Aligned. Score:  72.15 (by rank 5)
Sequences (26:28) Aligned. Score:  70.84 (by rank 41)
Sequences (25:35) Aligned. Score:  74.41 (by rank 20)
Sequences (26:30) Aligned. Score:  68.66 (by rank 36)
Sequences (25:39) Aligned. Score:  72.77 (by rank 34)
Sequences (25:37) Aligned. Score:  72.68 (by rank 40)
Sequences (25:42) Aligned. Score:  74.36 (by rank 22)
Sequences (24:40) Aligned. Score:  76.53 (by rank 46)
Sequences (26:27) Aligned. Score:  75.77 (by rank 33)
Sequences (26:33) Aligned. Score:  72.94 (by rank 3)
Sequences (26:34) Aligned. Score:  70.97 (by rank 14)
Sequences (26:29) Aligned. Score:  69.28 (by rank 12)
Sequences (26:37) Aligned. Score:  70.78 (by rank 2)
Sequences (26:38) Aligned. Score:  74.36 (by rank 25)
Sequences (26:39) Aligned. Score:  69.73 (by rank 21)
Sequences (27:28) Aligned. Score:  72.62 (by rank 15)
Sequences (26:41) Aligned. Score:  63.60 (by rank 27)
Sequences (26:42) Aligned. Score:  70.10 (by rank 13)
Sequences (25:38) Aligned. Score:  75.65 (by rank 44)
Sequences (26:32) Aligned. Score:  73.61 (by rank 10)
Sequences (27:29) Aligned. Score:  70.44 (by rank 24)
Sequences (25:40) Aligned. Score:  74.98 (by rank 7)
Sequences (26:31) Aligned. Score:  72.86 (by rank 4)
Sequences (26:36) Aligned. Score:  70.94 (by rank 6)
Sequences (26:35) Aligned. Score:  74.14 (by rank 47)
Sequences (27:32) Aligned. Score:  74.47 (by rank 19)
Sequences (27:30) Aligned. Score:  71.34 (by rank 11)
Sequences (27:31) Aligned. Score:  76.45 (by rank 1)
Sequences (27:33) Aligned. Score:  74.54 (by rank 32)
Sequences (27:39) Aligned. Score:  70.17 (by rank 39)
Sequences (27:41) Aligned. Score:  66.83 (by rank 43)
Sequences (27:35) Aligned. Score:  75.56 (by rank 49)
Sequences (27:34) Aligned. Score:  77.34 (by rank 29)
Sequences (27:36) Aligned. Score:  72.29 (by rank 38)
Sequences (27:42) Aligned. Score:  69.83 (by rank 37)
Sequences (27:37) Aligned. Score:  74.81 (by rank 31)
Sequences (28:30) Aligned. Score:  71.62 (by rank 48)
Sequences (27:40) Aligned. Score:  78.57 (by rank 26)
Sequences (27:38) Aligned. Score:  76.25 (by rank 18)
Sequences (26:40) Aligned. Score:  74.62 (by rank 45)
Sequences (28:29) Aligned. Score:  73.12 (by rank 28)
Sequences (28:32) Aligned. Score:  75.98 (by rank 30)
Sequences (28:33) Aligned. Score:  75.34 (by rank 17)
Sequences (28:35) Aligned. Score:  75.98 (by rank 35)
Sequences (28:34) Aligned. Score:  75.84 (by rank 23)
Sequences (28:39) Aligned. Score:  73.98 (by rank 42)
Sequences (28:41) Aligned. Score:  71.48 (by rank 41)
Sequences (28:38) Aligned. Score:  74.48 (by rank 16)
Sequences (28:42) Aligned. Score:  75.27 (by rank 36)
Sequences (28:40) Aligned. Score:  76.05 (by rank 20)
Sequences (29:30) Aligned. Score:  76.90 (by rank 34)
Sequences (29:32) Aligned. Score:  76.52 (by rank 22)
Sequences (28:31) Aligned. Score:  75.27 (by rank 9)
Sequences (29:31) Aligned. Score:  79.64 (by rank 40)
Sequences (28:36) Aligned. Score:  71.05 (by rank 8)
Sequences (29:33) Aligned. Score:  75.82 (by rank 33)
Sequences (28:37) Aligned. Score:  71.55 (by rank 5)
Sequences (30:31) Aligned. Score:  74.01 (by rank 15)
Sequences (29:35) Aligned. Score:  74.87 (by rank 3)
Sequences (29:36) Aligned. Score:  71.74 (by rank 14)
Sequences (29:41) Aligned. Score:  62.76 (by rank 27)
Sequences (29:39) Aligned. Score:  78.85 (by rank 25)
Sequences (29:42) Aligned. Score:  72.92 (by rank 13)
Sequences (29:37) Aligned. Score:  68.88 (by rank 12)
Sequences (30:34) Aligned. Score:  76.68 (by rank 24)
Sequences (29:38) Aligned. Score:  71.31 (by rank 2)
Sequences (29:40) Aligned. Score:  76.02 (by rank 21)
Sequences (30:39) Aligned. Score:  75.16 (by rank 19)
Sequences (29:34) Aligned. Score:  72.15 (by rank 46)
Sequences (30:41) Aligned. Score:  72.49 (by rank 1)
Sequences (30:32) Aligned. Score:  77.04 (by rank 44)
Sequences (30:42) Aligned. Score:  76.10 (by rank 32)
Sequences (30:33) Aligned. Score:  76.03 (by rank 10)
Sequences (31:32) Aligned. Score:  78.62 (by rank 39)
Sequences (30:35) Aligned. Score:  75.02 (by rank 7)
Sequences (31:41) Aligned. Score:  67.09 (by rank 26)
Sequences (30:36) Aligned. Score:  69.17 (by rank 6)
Sequences (31:39) Aligned. Score:  81.28 (by rank 48)
Sequences (31:36) Aligned. Score:  75.30 (by rank 29)
Sequences (31:33) Aligned. Score:  77.92 (by rank 43)
Sequences (31:35) Aligned. Score:  77.43 (by rank 37)
Sequences (30:37) Aligned. Score:  69.96 (by rank 47)
Sequences (31:34) Aligned. Score:  75.54 (by rank 49)
Sequences (30:38) Aligned. Score:  72.92 (by rank 4)
Sequences (31:37) Aligned. Score:  73.07 (by rank 38)
Sequences (30:40) Aligned. Score:  74.66 (by rank 11)
Sequences (31:38) Aligned. Score:  75.13 (by rank 31)
Sequences (32:33) Aligned. Score:  94.05 (by rank 28)
Sequences (32:34) Aligned. Score:  90.87 (by rank 30)
Sequences (32:41) Aligned. Score:  72.19 (by rank 16)
Sequences (31:40) Aligned. Score:  79.30 (by rank 18)
Sequences (32:35) Aligned. Score:  84.24 (by rank 17)
Sequences (32:39) Aligned. Score:  76.39 (by rank 41)
Sequences (32:42) Aligned. Score:  78.76 (by rank 20)
Sequences (32:36) Aligned. Score:  72.67 (by rank 42)
Sequences (32:38) Aligned. Score:  76.39 (by rank 35)
Sequences (32:37) Aligned. Score:  74.70 (by rank 23)
Sequences (32:40) Aligned. Score:  81.33 (by rank 36)
Sequences (31:42) Aligned. Score:  75.88 (by rank 45)
Sequences (33:34) Aligned. Score:  86.24 (by rank 34)
Sequences (33:35) Aligned. Score:  84.28 (by rank 22)
Sequences (33:39) Aligned. Score:  75.81 (by rank 33)
Sequences (33:41) Aligned. Score:  69.92 (by rank 15)
Sequences (33:37) Aligned. Score:  74.51 (by rank 40)
Sequences (33:42) Aligned. Score:  78.63 (by rank 14)
Sequences (34:35) Aligned. Score:  81.64 (by rank 3)
Sequences (34:36) Aligned. Score:  72.82 (by rank 27)
Sequences (34:39) Aligned. Score:  77.03 (by rank 12)
Sequences (34:41) Aligned. Score:  68.29 (by rank 2)
Sequences (34:37) Aligned. Score:  73.07 (by rank 25)
Sequences (34:38) Aligned. Score:  73.90 (by rank 13)
Sequences (34:42) Aligned. Score:  79.31 (by rank 21)
Sequences (33:36) Aligned. Score:  70.74 (by rank 9)
Sequences (34:40) Aligned. Score:  77.43 (by rank 24)
Sequences (35:36) Aligned. Score:  72.42 (by rank 19)
Sequences (33:38) Aligned. Score:  75.56 (by rank 8)
Sequences (33:40) Aligned. Score:  79.16 (by rank 5)
Sequences (35:38) Aligned. Score:  75.13 (by rank 1)
Sequences (36:41) Aligned. Score:  61.81 (by rank 48)
Sequences (35:40) Aligned. Score:  78.75 (by rank 32)
Sequences (36:42) Aligned. Score:  67.42 (by rank 43)
Sequences (35:42) Aligned. Score:  77.59 (by rank 39)
Sequences (36:39) Aligned. Score:  70.68 (by rank 26)
Sequences (37:42) Aligned. Score:  71.13 (by rank 38)
Sequences (37:39) Aligned. Score:  71.62 (by rank 37)
Sequences (38:41) Aligned. Score:  67.23 (by rank 31)
Sequences (39:41) Aligned. Score:  68.92 (by rank 18)
Sequences (39:42) Aligned. Score:  73.26 (by rank 17)
Sequences (36:40) Aligned. Score:  73.42 (by rank 29)
Sequences (35:39) Aligned. Score:  72.77 (by rank 44)
Sequences (38:42) Aligned. Score:  76.56 (by rank 30)
Sequences (41:42) Aligned. Score:  95.05 (by rank 42)
Sequences (37:38) Aligned. Score:  80.05 (by rank 49)
Sequences (35:41) Aligned. Score:  69.14 (by rank 10)
Sequences (39:40) Aligned. Score:  80.27 (by rank 16)
Sequences (40:41) Aligned. Score:  69.57 (by rank 41)
Sequences (40:42) Aligned. Score:  78.56 (by rank 20)
Sequences (35:37) Aligned. Score:  72.70 (by rank 46)
Sequences (38:40) Aligned. Score:  77.46 (by rank 28)
Sequences (37:41) Aligned. Score:  63.27 (by rank 4)
Sequences (36:37) Aligned. Score:  70.13 (by rank 7)
Sequences (36:38) Aligned. Score:  70.47 (by rank 6)
Sequences (38:39) Aligned. Score:  73.18 (by rank 11)

DEBUG: pairalign time = 1.721 sec
DEBUG: Using serial codes in nj_tree() ...
DEBUG: nj_tree() takes 0.000502 sec
Sequences (37:40) Aligned. Score:  72.79 (by rank 47)
Aligning...
Guide tree        file created:   [/mnt/lfs/walt2178/Projects/rna-pipeline-python-qsub-staging/output/clustal/clustal_all.dnd]
Start of Multiple Alignment
There are 41 groups
Aligning...
Group 21: Sequences:   2      Score: 25502 (from rank 1)   was aligning: (6 ) and (7 )
Group 24: Sequences:   2      Score: 22716 (from rank 2)   was aligning: (3 ) and (5 )
Group 14: Sequences:   2      Score: 27426 (from rank 3)   was aligning: (14 ) and (15 )
Group  1: Sequences:   2      Score: 21868 (from rank 14)   was aligning: (26 ) and (27 )
Group  5: Sequences:   2      Score: 25785 (from rank 12)   was aligning: (41 ) and (42 )
Group  3: Sequences:   2      Score: 24678 (from rank 13)   was aligning: (37 ) and (38 )
Group 12: Sequences:   2      Score: 26362 (from rank 4)   was aligning: (10 ) and (11 )
Group 11: Sequences:   2      Score: 24116 (from rank 11)   was aligning: (8 ) and (9 )
Group 13: Sequences:   2      Score: 27397 (from rank 5)   was aligning: (12 ) and (13 )
Group 38: Sequences:   2      Score: 20062 (from rank 6)   was aligning: (1 ) and (29 )
Group 39: Sequences:   2      Score: 23034 (from rank 7)   was aligning: (31 ) and (39 )
Group 29: Sequences:   2      Score: 26815 (from rank 10)   was aligning: (32 ) and (33 )
Group 34: Sequences:   2      Score: 20609 (from rank 8)   was aligning: (21 ) and (30 )
Group 26: Sequences:   2      Score: 21695 (from rank 9)   was aligning: (25 ) and (36 )
Group 40: Sequences:   4      Score: 20347 (from rank 20)   was aligning: (1 29 ) and (31 39 )
Group 22: Sequences:   3      Score: 24564 (from rank 17)   was aligning: (2 ) and (6 7 )
Group 30: Sequences:   3      Score: 25964 (from rank 15)   was aligning: (32 33 ) and (34 )
Group  2: Sequences:   3      Score: 21765 (from rank 18)   was aligning: (17 ) and (26 27 )
Group  6: Sequences:   3      Score: 26069 (from rank 16)   was aligning: (18 ) and (41 42 )
Group 35: Sequences:   3      Score: 21934 (from rank 19)   was aligning: (21 30 ) and (22 )
Group 23: Sequences:   4      Score: 25046 (from rank 22)   was aligning: (2 6 7 ) and (4 )
Group 15: Sequences:   4      Score: 25242 (from rank 24)   was aligning: (12 13 ) and (14 15 )
Group 31: Sequences:   4      Score: 24728 (from rank 26)   was aligning: (32 33 34 ) and (35 )
Group  7: Sequences:   4      Score: 24019 (from rank 28)   was aligning: (18 41 42 ) and (19 )
Group  4: Sequences:   5      Score: 21356 (from rank 30)   was aligning: (17 26 27 ) and (37 38 )
Group 32: Sequences:   5      Score: 20840 (from rank 34)   was aligning: (28 ) and (32 33 34 35 )
Group  8: Sequences:   5      Score: 22512 (from rank 32)   was aligning: (18 19 41 42 ) and (20 )
Group 16: Sequences:   6      Score: 24844 (from rank 38)   was aligning: (10 11 ) and (12 13 14 15 )
Group  9: Sequences:   6      Score: 21628 (from rank 36)   was aligning: (18 19 20 41 42 ) and (23 )
Group 25: Sequences:   6      Score: 23247 (from rank 40)   was aligning: (2 4 6 7 ) and (3 5 )
Group 17: Sequences:   8      Score: 22506 (from rank 42)   was aligning: (8 9 ) and (10 11 12 13 14 15 )
Group 27: Sequences:   8      Score: 20405 (from rank 44)   was aligning: (2 3 4 5 6 7 ) and (25 36 )
Group 18: Sequences:   9      Score: 23069 (from rank 46)   was aligning: (8 9 10 11 12 13 14 15 ) and (16 )
Group 19: Sequences:  10      Score: 22431 (from rank 48)   was aligning: (8 9 10 11 12 13 14 15 16 ) and (24 )
Group 10: Sequences:  11      Score: 20623 (from rank 1)   was aligning: (17 26 27 37 38 ) and (18 19 20 23 41 42 )
Group 20: Sequences:  21      Score: 20881 (from rank 3)   was aligning: (17 18 19 20 23 26 27 37 38 41 42 ) and (8 9 10 11 12 13 14 15 16 24 )
Group 28: Sequences:  29      Score: 19998 (from rank 12)   was aligning: (8 9 10 11 12 13 14 15 16 17 18 19 20 23 24 26 27 37 38 41 42 ) and (2 3 4 5 6 7 25 36 )
Group 33: Sequences:  34      Score: 20225 (from rank 4)   was aligning: (2 3 4 5 6 7 8 9 10 11 12 13 14 15 16 17 18 19 20 23 24 25 26 27 36 37 38 41 42 ) and (28 32 33 34 35 )
Group 36: Sequences:  37      Score: 19773 (from rank 5)   was aligning: (2 3 4 5 6 7 8 9 10 11 12 13 14 15 16 17 18 19 20 23 24 25 26 27 28 32 33 34 35 36 37 38 41 42 ) and (21 22 30 )
Group 37: Sequences:  38      Score: 21701 (from rank 7)   was aligning: (2 3 4 5 6 7 8 9 10 11 12 13 14 15 16 17 18 19 20 21 22 23 24 25 26 27 28 30 32 33 34 35 36 37 38 41 42 ) and (40 )

DEBUG: malign time = 3.681 sec
Group 41: Sequences:  42      Score: 18935 (from rank 8)   was aligning: (2 3 4 5 6 7 8 9 10 11 12 13 14 15 16 17 18 19 20 21 22 23 24 25 26 27 28 30 32 33 34 35 36 37 38 40 41 42 ) and (1 29 31 39 )
Alignment Score 6027946
CLUSTAL-Alignment file created  [/mnt/lfs/walt2178/Projects/rna-pipeline-python-qsub-staging/output/clustal/clustal_all.aln]
