### DEBUG OUTPUT START ###
	CLUSTAL_ALL_FILE: /mnt/lfs/walt2178/Projects/rna-pipeline-python-qsub-staging/output/clustal/clustal_all
	CLUSTAL_ALIGNMENT_FILE: /mnt/lfs/walt2178/Projects/rna-pipeline-python-qsub-staging/output/clustal/clustal_all.aln
### DEBUG OUTPUT END ###
Running clustalw2
/mnt/lfs/walt2178/Projects/rna-pipeline-python-qsub-staging/scripts/clustal_run.sh: line 17: [: ==: unary operator expected
clustalw2 cmd: clustalw2 -align -type=DNA -infile=/mnt/lfs/walt2178/Projects/rna-pipeline-python-qsub-staging/output/clustal/clustal_all -outfile=/mnt/lfs/walt2178/Projects/rna-pipeline-python-qsub-staging/output/clustal/clustal_all.aln



 CLUSTAL 2.0.12 Multiple Sequence Alignments


Sequence type explicitly set to DNA
Sequence format is Pearson
Sequence 1: SEQ0000001  1475 bp
Sequence 2: SEQ0000002  1560 bp
Sequence 3: SEQ0000003  1508 bp
Sequence 4: SEQ0000004  1464 bp
Sequence 5: SEQ0000005  1373 bp
Sequence 6: SEQ0000006  1463 bp
Sequence 7: SEQ0000007  1410 bp
Sequence 8: SEQ0000008  1479 bp
Sequence 9: SEQ0000009  1424 bp
Sequence 10: SEQ0000010  1535 bp
Sequence 11: SEQ0000011  1544 bp
Sequence 12: SEQ0000012  1537 bp
Sequence 13: SEQ0000013  1527 bp
Sequence 14: SEQ0000014  1543 bp
Sequence 15: SEQ0000015  1494 bp
Sequence 16: SEQ0000016  1540 bp
Sequence 17: SEQ0000017  1503 bp
Sequence 18: SEQ0000018  1554 bp
Sequence 19: SEQ0000019  1513 bp
Sequence 20: SEQ0000020  1463 bp
Sequence 21: SEQ0000021  1775 bp
Sequence 22: SEQ0000022  1502 bp
Sequence 23: SEQ0000023  1502 bp
Sequence 24: SEQ0000024  1538 bp
Sequence 25: SEQ0000025  1553 bp
Sequence 26: SEQ0000026  1533 bp
Sequence 27: SEQ0000027  1465 bp
Sequence 28: SEQ0000028  1399 bp
Sequence 29: SEQ0000029  1587 bp
Sequence 30: SEQ0000030  1385 bp
Sequence 31: SEQ0000031  1562 bp
Sequence 32: SEQ0000032  1478 bp
Sequence 33: SEQ0000033  1526 bp
Sequence 34: SEQ0000034  1580 bp
Sequence 35: SEQ0000035  1520 bp
Sequence 36: SEQ0000036  1490 bp
Sequence 37: SEQ0000037  1552 bp
Sequence 38: SEQ0000038  1544 bp
Sequence 39: SEQ0000039  1480 bp
Sequence 40: SEQ0000040  1551 bp
Sequence 41: SEQ0000041  1002 bp
Sequence 42: SEQ0000042  1549 bp
Sequence 43: SEQ0000043  1355 bp
Sequence 44: SEQ0000044  1451 bp
Start of Pairwise alignments
Aligning...

Sequences (1:2) Aligned. Score:  68
Sequences (1:3) Aligned. Score:  62
Sequences (1:4) Aligned. Score:  67
Sequences (1:5) Aligned. Score:  64
Sequences (1:6) Aligned. Score:  67
Sequences (1:7) Aligned. Score:  63
Sequences (1:8) Aligned. Score:  68
Sequences (1:9) Aligned. Score:  68
Sequences (1:10) Aligned. Score:  64
Sequences (1:11) Aligned. Score:  63
Sequences (1:12) Aligned. Score:  65
Sequences (1:13) Aligned. Score:  67
Sequences (1:14) Aligned. Score:  64
Sequences (1:15) Aligned. Score:  65
Sequences (1:16) Aligned. Score:  69
Sequences (1:17) Aligned. Score:  64
Sequences (1:18) Aligned. Score:  69
Sequences (1:19) Aligned. Score:  63
Sequences (1:20) Aligned. Score:  66
Sequences (1:21) Aligned. Score:  70
Sequences (1:22) Aligned. Score:  67
Sequences (1:23) Aligned. Score:  61
Sequences (1:24) Aligned. Score:  67
Sequences (1:25) Aligned. Score:  63
Sequences (1:26) Aligned. Score:  63
Sequences (1:27) Aligned. Score:  61
Sequences (1:28) Aligned. Score:  64
Sequences (1:29) Aligned. Score:  73
Sequences (1:30) Aligned. Score:  62
Sequences (1:31) Aligned. Score:  73
Sequences (1:32) Aligned. Score:  67
Sequences (1:33) Aligned. Score:  68
Sequences (1:34) Aligned. Score:  68
Sequences (1:35) Aligned. Score:  67
Sequences (1:36) Aligned. Score:  65
Sequences (1:37) Aligned. Score:  64
Sequences (1:38) Aligned. Score:  63
Sequences (1:39) Aligned. Score:  67
Sequences (1:40) Aligned. Score:  69
Sequences (1:41) Aligned. Score:  58
Sequences (1:42) Aligned. Score:  57
Sequences (1:43) Aligned. Score:  61
Sequences (1:44) Aligned. Score:  59
Sequences (2:3) Aligned. Score:  80
Sequences (2:4) Aligned. Score:  87
Sequences (2:5) Aligned. Score:  85
Sequences (2:6) Aligned. Score:  87
Sequences (2:7) Aligned. Score:  87
Sequences (2:8) Aligned. Score:  78
Sequences (2:9) Aligned. Score:  77
Sequences (2:10) Aligned. Score:  74
Sequences (2:11) Aligned. Score:  74
Sequences (2:12) Aligned. Score:  75
Sequences (2:13) Aligned. Score:  74
Sequences (2:14) Aligned. Score:  74
Sequences (2:15) Aligned. Score:  75
Sequences (2:16) Aligned. Score:  75
Sequences (2:17) Aligned. Score:  72
Sequences (2:18) Aligned. Score:  76
Sequences (2:19) Aligned. Score:  75
Sequences (2:20) Aligned. Score:  76
Sequences (2:21) Aligned. Score:  71
Sequences (2:22) Aligned. Score:  74
Sequences (2:23) Aligned. Score:  72
Sequences (2:24) Aligned. Score:  72
Sequences (2:25) Aligned. Score:  73
Sequences (2:26) Aligned. Score:  70
Sequences (2:27) Aligned. Score:  74
Sequences (2:28) Aligned. Score:  74
Sequences (2:29) Aligned. Score:  71
Sequences (2:30) Aligned. Score:  74
Sequences (2:31) Aligned. Score:  73
Sequences (2:32) Aligned. Score:  76
Sequences (2:33) Aligned. Score:  74
Sequences (2:34) Aligned. Score:  73
Sequences (2:35) Aligned. Score:  75
Sequences (2:36) Aligned. Score:  73
Sequences (2:37) Aligned. Score:  71
Sequences (2:38) Aligned. Score:  73
Sequences (2:39) Aligned. Score:  73
Sequences (2:40) Aligned. Score:  74
Sequences (2:41) Aligned. Score:  69
Sequences (2:42) Aligned. Score:  65
Sequences (2:43) Aligned. Score:  74
Sequences (2:44) Aligned. Score:  72
Sequences (3:4) Aligned. Score:  83
Sequences (3:5) Aligned. Score:  85
Sequences (3:6) Aligned. Score:  83
Sequences (3:7) Aligned. Score:  86
Sequences (3:8) Aligned. Score:  74
Sequences (3:9) Aligned. Score:  74
Sequences (3:10) Aligned. Score:  73
Sequences (3:11) Aligned. Score:  73
Sequences (3:12) Aligned. Score:  73
Sequences (3:13) Aligned. Score:  73
Sequences (3:14) Aligned. Score:  71
Sequences (3:15) Aligned. Score:  70
Sequences (3:16) Aligned. Score:  73
Sequences (3:17) Aligned. Score:  70
Sequences (3:18) Aligned. Score:  75
Sequences (3:19) Aligned. Score:  70
Sequences (3:20) Aligned. Score:  75
Sequences (3:21) Aligned. Score:  71
Sequences (3:22) Aligned. Score:  69
Sequences (3:23) Aligned. Score:  71
Sequences (3:24) Aligned. Score:  73
Sequences (3:25) Aligned. Score:  71
Sequences (3:26) Aligned. Score:  68
Sequences (3:27) Aligned. Score:  71
Sequences (3:28) Aligned. Score:  72
Sequences (3:29) Aligned. Score:  70
Sequences (3:30) Aligned. Score:  71
Sequences (3:31) Aligned. Score:  71
Sequences (3:32) Aligned. Score:  73
Sequences (3:33) Aligned. Score:  71
Sequences (3:34) Aligned. Score:  73
Sequences (3:35) Aligned. Score:  72
Sequences (3:36) Aligned. Score:  69
Sequences (3:37) Aligned. Score:  70
Sequences (3:38) Aligned. Score:  71
Sequences (3:39) Aligned. Score:  71
Sequences (3:40) Aligned. Score:  73
Sequences (3:41) Aligned. Score:  68
Sequences (3:42) Aligned. Score:  65
Sequences (3:43) Aligned. Score:  71
Sequences (3:44) Aligned. Score:  70
Sequences (4:5) Aligned. Score:  88
Sequences (4:6) Aligned. Score:  87
Sequences (4:7) Aligned. Score:  88
Sequences (4:8) Aligned. Score:  78
Sequences (4:9) Aligned. Score:  75
Sequences (4:10) Aligned. Score:  78
Sequences (4:11) Aligned. Score:  78
Sequences (4:12) Aligned. Score:  78
Sequences (4:13) Aligned. Score:  78
Sequences (4:14) Aligned. Score:  77
Sequences (4:15) Aligned. Score:  75
Sequences (4:16) Aligned. Score:  78
Sequences (4:17) Aligned. Score:  75
Sequences (4:18) Aligned. Score:  80
Sequences (4:19) Aligned. Score:  75
Sequences (4:20) Aligned. Score:  75
Sequences (4:21) Aligned. Score:  77
Sequences (4:22) Aligned. Score:  77
Sequences (4:23) Aligned. Score:  73
Sequences (4:24) Aligned. Score:  76
Sequences (4:25) Aligned. Score:  76
Sequences (4:26) Aligned. Score:  74
Sequences (4:27) Aligned. Score:  74
Sequences (4:28) Aligned. Score:  73
Sequences (4:29) Aligned. Score:  75
Sequences (4:30) Aligned. Score:  74
Sequences (4:31) Aligned. Score:  79
Sequences (4:32) Aligned. Score:  76
Sequences (4:33) Aligned. Score:  77
Sequences (4:34) Aligned. Score:  76
Sequences (4:35) Aligned. Score:  78
Sequences (4:36) Aligned. Score:  73
Sequences (4:37) Aligned. Score:  74
Sequences (4:38) Aligned. Score:  75
Sequences (4:39) Aligned. Score:  76
Sequences (4:40) Aligned. Score:  80
Sequences (4:41) Aligned. Score:  68
Sequences (4:42) Aligned. Score:  70
Sequences (4:43) Aligned. Score:  73
Sequences (4:44) Aligned. Score:  71
Sequences (5:6) Aligned. Score:  88
Sequences (5:7) Aligned. Score:  87
Sequences (5:8) Aligned. Score:  78
Sequences (5:9) Aligned. Score:  73
Sequences (5:10) Aligned. Score:  76
Sequences (5:11) Aligned. Score:  77
Sequences (5:12) Aligned. Score:  76
Sequences (5:13) Aligned. Score:  77
Sequences (5:14) Aligned. Score:  76
Sequences (5:15) Aligned. Score:  76
Sequences (5:16) Aligned. Score:  78
Sequences (5:17) Aligned. Score:  73
Sequences (5:18) Aligned. Score:  79
Sequences (5:19) Aligned. Score:  76
Sequences (5:20) Aligned. Score:  77
Sequences (5:21) Aligned. Score:  72
Sequences (5:22) Aligned. Score:  73
Sequences (5:23) Aligned. Score:  75
Sequences (5:24) Aligned. Score:  76
Sequences (5:25) Aligned. Score:  76
Sequences (5:26) Aligned. Score:  69
Sequences (5:27) Aligned. Score:  71
Sequences (5:28) Aligned. Score:  73
Sequences (5:29) Aligned. Score:  73
Sequences (5:30) Aligned. Score:  71
Sequences (5:31) Aligned. Score:  75
Sequences (5:32) Aligned. Score:  75
Sequences (5:33) Aligned. Score:  75
Sequences (5:34) Aligned. Score:  77
Sequences (5:35) Aligned. Score:  75
Sequences (5:36) Aligned. Score:  73
Sequences (5:37) Aligned. Score:  74
Sequences (5:38) Aligned. Score:  74
Sequences (5:39) Aligned. Score:  76
Sequences (5:40) Aligned. Score:  76
Sequences (5:41) Aligned. Score:  68
Sequences (5:42) Aligned. Score:  73
Sequences (5:43) Aligned. Score:  72
Sequences (5:44) Aligned. Score:  76
Sequences (6:7) Aligned. Score:  93
Sequences (6:8) Aligned. Score:  78
Sequences (6:9) Aligned. Score:  76
Sequences (6:10) Aligned. Score:  78
Sequences (6:11) Aligned. Score:  78
Sequences (6:12) Aligned. Score:  79
Sequences (6:13) Aligned. Score:  78
Sequences (6:14) Aligned. Score:  77
Sequences (6:15) Aligned. Score:  76
Sequences (6:16) Aligned. Score:  78
Sequences (6:17) Aligned. Score:  76
Sequences (6:18) Aligned. Score:  80
Sequences (6:19) Aligned. Score:  76
Sequences (6:20) Aligned. Score:  76
Sequences (6:21) Aligned. Score:  76
Sequences (6:22) Aligned. Score:  77
Sequences (6:23) Aligned. Score:  74
Sequences (6:24) Aligned. Score:  75
Sequences (6:25) Aligned. Score:  77
Sequences (6:26) Aligned. Score:  75
Sequences (6:27) Aligned. Score:  73
Sequences (6:28) Aligned. Score:  73
Sequences (6:29) Aligned. Score:  74
Sequences (6:30) Aligned. Score:  72
Sequences (6:31) Aligned. Score:  78
Sequences (6:32) Aligned. Score:  77
Sequences (6:33) Aligned. Score:  78
Sequences (6:34) Aligned. Score:  78
Sequences (6:35) Aligned. Score:  77
Sequences (6:36) Aligned. Score:  74
Sequences (6:37) Aligned. Score:  76
Sequences (6:38) Aligned. Score:  76
Sequences (6:39) Aligned. Score:  74
Sequences (6:40) Aligned. Score:  79
Sequences (6:41) Aligned. Score:  67
Sequences (6:42) Aligned. Score:  68
Sequences (6:43) Aligned. Score:  72
Sequences (6:44) Aligned. Score:  71
Sequences (7:8) Aligned. Score:  77
Sequences (7:9) Aligned. Score:  75
Sequences (7:10) Aligned. Score:  78
Sequences (7:11) Aligned. Score:  77
Sequences (7:12) Aligned. Score:  78
Sequences (7:13) Aligned. Score:  78
Sequences (7:14) Aligned. Score:  76
Sequences (7:15) Aligned. Score:  75
Sequences (7:16) Aligned. Score:  78
Sequences (7:17) Aligned. Score:  73
Sequences (7:18) Aligned. Score:  80
Sequences (7:19) Aligned. Score:  78
Sequences (7:20) Aligned. Score:  77
Sequences (7:21) Aligned. Score:  75
Sequences (7:22) Aligned. Score:  73
Sequences (7:23) Aligned. Score:  74
Sequences (7:24) Aligned. Score:  76
Sequences (7:25) Aligned. Score:  75
Sequences (7:26) Aligned. Score:  74
Sequences (7:27) Aligned. Score:  72
Sequences (7:28) Aligned. Score:  73
Sequences (7:29) Aligned. Score:  73
Sequences (7:30) Aligned. Score:  72
Sequences (7:31) Aligned. Score:  76
Sequences (7:32) Aligned. Score:  78
Sequences (7:33) Aligned. Score:  77
Sequences (7:34) Aligned. Score:  78
Sequences (7:35) Aligned. Score:  77
Sequences (7:36) Aligned. Score:  74
Sequences (7:37) Aligned. Score:  75
Sequences (7:38) Aligned. Score:  74
Sequences (7:39) Aligned. Score:  75
Sequences (7:40) Aligned. Score:  78
Sequences (7:41) Aligned. Score:  67
Sequences (7:42) Aligned. Score:  70
Sequences (7:43) Aligned. Score:  72
Sequences (7:44) Aligned. Score:  73
Sequences (8:9) Aligned. Score:  86
Sequences (8:10) Aligned. Score:  81
Sequences (8:11) Aligned. Score:  81
Sequences (8:12) Aligned. Score:  82
Sequences (8:13) Aligned. Score:  83
Sequences (8:14) Aligned. Score:  81
Sequences (8:15) Aligned. Score:  79
Sequences (8:16) Aligned. Score:  81
Sequences (8:17) Aligned. Score:  78
Sequences (8:18) Aligned. Score:  81
Sequences (8:19) Aligned. Score:  77
Sequences (8:20) Aligned. Score:  79
Sequences (8:21) Aligned. Score:  77
Sequences (8:22) Aligned. Score:  78
Sequences (8:23) Aligned. Score:  78
Sequences (8:24) Aligned. Score:  76
Sequences (8:25) Aligned. Score:  76
Sequences (8:26) Aligned. Score:  74
Sequences (8:27) Aligned. Score:  73
Sequences (8:28) Aligned. Score:  73
Sequences (8:29) Aligned. Score:  74
Sequences (8:30) Aligned. Score:  72
Sequences (8:31) Aligned. Score:  76
Sequences (8:32) Aligned. Score:  77
Sequences (8:33) Aligned. Score:  79
Sequences (8:34) Aligned. Score:  79
Sequences (8:35) Aligned. Score:  77
Sequences (8:36) Aligned. Score:  72
Sequences (8:37) Aligned. Score:  76
Sequences (8:38) Aligned. Score:  77
Sequences (8:39) Aligned. Score:  74
Sequences (8:40) Aligned. Score:  79
Sequences (8:41) Aligned. Score:  70
Sequences (8:42) Aligned. Score:  69
Sequences (8:43) Aligned. Score:  74
Sequences (8:44) Aligned. Score:  73
Sequences (9:10) Aligned. Score:  80
Sequences (9:11) Aligned. Score:  79
Sequences (9:12) Aligned. Score:  81
Sequences (9:13) Aligned. Score:  81
Sequences (9:14) Aligned. Score:  79
Sequences (9:15) Aligned. Score:  78
Sequences (9:16) Aligned. Score:  80
Sequences (9:17) Aligned. Score:  79
Sequences (9:18) Aligned. Score:  80
Sequences (9:19) Aligned. Score:  78
Sequences (9:20) Aligned. Score:  80
Sequences (9:21) Aligned. Score:  77
Sequences (9:22) Aligned. Score:  77
Sequences (9:23) Aligned. Score:  77
Sequences (9:24) Aligned. Score:  77
Sequences (9:25) Aligned. Score:  76
Sequences (9:26) Aligned. Score:  74
Sequences (9:27) Aligned. Score:  75
Sequences (9:28) Aligned. Score:  72
Sequences (9:29) Aligned. Score:  75
Sequences (9:30) Aligned. Score:  73
Sequences (9:31) Aligned. Score:  78
Sequences (9:32) Aligned. Score:  79
Sequences (9:33) Aligned. Score:  79
Sequences (9:34) Aligned. Score:  81
Sequences (9:35) Aligned. Score:  77
Sequences (9:36) Aligned. Score:  72
Sequences (9:37) Aligned. Score:  74
Sequences (9:38) Aligned. Score:  77
Sequences (9:39) Aligned. Score:  75
Sequences (9:40) Aligned. Score:  80
Sequences (9:41) Aligned. Score:  69
Sequences (9:42) Aligned. Score:  71
Sequences (9:43) Aligned. Score:  72
Sequences (9:44) Aligned. Score:  72
Sequences (10:11) Aligned. Score:  88
Sequences (10:12) Aligned. Score:  83
Sequences (10:13) Aligned. Score:  84
Sequences (10:14) Aligned. Score:  82
Sequences (10:15) Aligned. Score:  81
Sequences (10:16) Aligned. Score:  80
Sequences (10:17) Aligned. Score:  77
Sequences (10:18) Aligned. Score:  78
Sequences (10:19) Aligned. Score:  73
Sequences (10:20) Aligned. Score:  77
Sequences (10:21) Aligned. Score:  76
Sequences (10:22) Aligned. Score:  76
Sequences (10:23) Aligned. Score:  75
Sequences (10:24) Aligned. Score:  76
Sequences (10:25) Aligned. Score:  75
Sequences (10:26) Aligned. Score:  74
Sequences (10:27) Aligned. Score:  75
Sequences (10:28) Aligned. Score:  74
Sequences (10:29) Aligned. Score:  74
Sequences (10:30) Aligned. Score:  74
Sequences (10:31) Aligned. Score:  76
Sequences (10:32) Aligned. Score:  77
Sequences (10:33) Aligned. Score:  76
Sequences (10:34) Aligned. Score:  76
Sequences (10:35) Aligned. Score:  76
Sequences (10:36) Aligned. Score:  73
Sequences (10:37) Aligned. Score:  72
Sequences (10:38) Aligned. Score:  75
Sequences (10:39) Aligned. Score:  74
Sequences (10:40) Aligned. Score:  76
Sequences (10:41) Aligned. Score:  71
Sequences (10:42) Aligned. Score:  67
Sequences (10:43) Aligned. Score:  74
Sequences (10:44) Aligned. Score:  73
Sequences (11:12) Aligned. Score:  83
Sequences (11:13) Aligned. Score:  83
Sequences (11:14) Aligned. Score:  82
Sequences (11:15) Aligned. Score:  82
Sequences (11:16) Aligned. Score:  79
Sequences (11:17) Aligned. Score:  77
Sequences (11:18) Aligned. Score:  77
Sequences (11:19) Aligned. Score:  74
Sequences (11:20) Aligned. Score:  77
Sequences (11:21) Aligned. Score:  74
Sequences (11:22) Aligned. Score:  77
Sequences (11:23) Aligned. Score:  75
Sequences (11:24) Aligned. Score:  74
Sequences (11:25) Aligned. Score:  74
Sequences (11:26) Aligned. Score:  72
Sequences (11:27) Aligned. Score:  75
Sequences (11:28) Aligned. Score:  75
Sequences (11:29) Aligned. Score:  72
Sequences (11:30) Aligned. Score:  74
Sequences (11:31) Aligned. Score:  75
Sequences (11:32) Aligned. Score:  76
Sequences (11:33) Aligned. Score:  75
Sequences (11:34) Aligned. Score:  74
Sequences (11:35) Aligned. Score:  74
Sequences (11:36) Aligned. Score:  73
Sequences (11:37) Aligned. Score:  74
Sequences (11:38) Aligned. Score:  75
Sequences (11:39) Aligned. Score:  71
Sequences (11:40) Aligned. Score:  76
Sequences (11:41) Aligned. Score:  73
Sequences (11:42) Aligned. Score:  67
Sequences (11:43) Aligned. Score:  76
Sequences (11:44) Aligned. Score:  75
Sequences (12:13) Aligned. Score:  93
Sequences (12:14) Aligned. Score:  85
Sequences (12:15) Aligned. Score:  85
Sequences (12:16) Aligned. Score:  79
Sequences (12:17) Aligned. Score:  77
Sequences (12:18) Aligned. Score:  79
Sequences (12:19) Aligned. Score:  72
Sequences (12:20) Aligned. Score:  79
Sequences (12:21) Aligned. Score:  74
Sequences (12:22) Aligned. Score:  78
Sequences (12:23) Aligned. Score:  77
Sequences (12:24) Aligned. Score:  75
Sequences (12:25) Aligned. Score:  75
Sequences (12:26) Aligned. Score:  73
Sequences (12:27) Aligned. Score:  73
Sequences (12:28) Aligned. Score:  74
Sequences (12:29) Aligned. Score:  74
Sequences (12:30) Aligned. Score:  74
Sequences (12:31) Aligned. Score:  76
Sequences (12:32) Aligned. Score:  76
Sequences (12:33) Aligned. Score:  76
Sequences (12:34) Aligned. Score:  76
Sequences (12:35) Aligned. Score:  76
Sequences (12:36) Aligned. Score:  74
Sequences (12:37) Aligned. Score:  75
Sequences (12:38) Aligned. Score:  76
Sequences (12:39) Aligned. Score:  73
Sequences (12:40) Aligned. Score:  78
Sequences (12:41) Aligned. Score:  75
Sequences (12:42) Aligned. Score:  69
Sequences (12:43) Aligned. Score:  78
Sequences (12:44) Aligned. Score:  76
Sequences (13:14) Aligned. Score:  86
Sequences (13:15) Aligned. Score:  85
Sequences (13:16) Aligned. Score:  81
Sequences (13:17) Aligned. Score:  77
Sequences (13:18) Aligned. Score:  79
Sequences (13:19) Aligned. Score:  76
Sequences (13:20) Aligned. Score:  79
Sequences (13:21) Aligned. Score:  76
Sequences (13:22) Aligned. Score:  77
Sequences (13:23) Aligned. Score:  77
Sequences (13:24) Aligned. Score:  76
Sequences (13:25) Aligned. Score:  75
Sequences (13:26) Aligned. Score:  74
Sequences (13:27) Aligned. Score:  73
Sequences (13:28) Aligned. Score:  74
Sequences (13:29) Aligned. Score:  73
Sequences (13:30) Aligned. Score:  74
Sequences (13:31) Aligned. Score:  77
Sequences (13:32) Aligned. Score:  77
Sequences (13:33) Aligned. Score:  77
Sequences (13:34) Aligned. Score:  76
Sequences (13:35) Aligned. Score:  76
Sequences (13:36) Aligned. Score:  73
Sequences (13:37) Aligned. Score:  75
Sequences (13:38) Aligned. Score:  76
Sequences (13:39) Aligned. Score:  74
Sequences (13:40) Aligned. Score:  79
Sequences (13:41) Aligned. Score:  74
Sequences (13:42) Aligned. Score:  69
Sequences (13:43) Aligned. Score:  77
Sequences (13:44) Aligned. Score:  75
Sequences (14:15) Aligned. Score:  96
Sequences (14:16) Aligned. Score:  78
Sequences (14:17) Aligned. Score:  77
Sequences (14:18) Aligned. Score:  78
Sequences (14:19) Aligned. Score:  75
Sequences (14:20) Aligned. Score:  76
Sequences (14:21) Aligned. Score:  75
Sequences (14:22) Aligned. Score:  77
Sequences (14:23) Aligned. Score:  74
Sequences (14:24) Aligned. Score:  74
Sequences (14:25) Aligned. Score:  75
Sequences (14:26) Aligned. Score:  72
Sequences (14:27) Aligned. Score:  76
Sequences (14:28) Aligned. Score:  72
Sequences (14:29) Aligned. Score:  73
Sequences (14:30) Aligned. Score:  72
Sequences (14:31) Aligned. Score:  75
Sequences (14:32) Aligned. Score:  77
Sequences (14:33) Aligned. Score:  76
Sequences (14:34) Aligned. Score:  76
Sequences (14:35) Aligned. Score:  77
Sequences (14:36) Aligned. Score:  73
Sequences (14:37) Aligned. Score:  73
Sequences (14:38) Aligned. Score:  75
Sequences (14:39) Aligned. Score:  73
Sequences (14:40) Aligned. Score:  78
Sequences (14:41) Aligned. Score:  73
Sequences (14:42) Aligned. Score:  67
Sequences (14:43) Aligned. Score:  77
Sequences (14:44) Aligned. Score:  75
Sequences (15:16) Aligned. Score:  79
Sequences (15:17) Aligned. Score:  74
Sequences (15:18) Aligned. Score:  78
Sequences (15:19) Aligned. Score:  75
Sequences (15:20) Aligned. Score:  75
Sequences (15:21) Aligned. Score:  75
Sequences (15:22) Aligned. Score:  75
Sequences (15:23) Aligned. Score:  72
Sequences (15:24) Aligned. Score:  75
Sequences (15:25) Aligned. Score:  74
Sequences (15:26) Aligned. Score:  71
Sequences (15:27) Aligned. Score:  73
Sequences (15:28) Aligned. Score:  72
Sequences (15:29) Aligned. Score:  74
Sequences (15:30) Aligned. Score:  71
Sequences (15:31) Aligned. Score:  75
Sequences (15:32) Aligned. Score:  75
Sequences (15:33) Aligned. Score:  76
Sequences (15:34) Aligned. Score:  76
Sequences (15:35) Aligned. Score:  76
Sequences (15:36) Aligned. Score:  72
Sequences (15:37) Aligned. Score:  72
Sequences (15:38) Aligned. Score:  74
Sequences (15:39) Aligned. Score:  73
Sequences (15:40) Aligned. Score:  77
Sequences (15:41) Aligned. Score:  74
Sequences (15:42) Aligned. Score:  70
Sequences (15:43) Aligned. Score:  77
Sequences (15:44) Aligned. Score:  76
Sequences (16:17) Aligned. Score:  76
Sequences (16:18) Aligned. Score:  80
Sequences (16:19) Aligned. Score:  75
Sequences (16:20) Aligned. Score:  78
Sequences (16:21) Aligned. Score:  77
Sequences (16:22) Aligned. Score:  77
Sequences (16:23) Aligned. Score:  76
Sequences (16:24) Aligned. Score:  78
Sequences (16:25) Aligned. Score:  75
Sequences (16:26) Aligned. Score:  72
Sequences (16:27) Aligned. Score:  77
Sequences (16:28) Aligned. Score:  75
Sequences (16:29) Aligned. Score:  74
Sequences (16:30) Aligned. Score:  75
Sequences (16:31) Aligned. Score:  77
Sequences (16:32) Aligned. Score:  79
Sequences (16:33) Aligned. Score:  78
Sequences (16:34) Aligned. Score:  76
Sequences (16:35) Aligned. Score:  76
Sequences (16:36) Aligned. Score:  73
Sequences (16:37) Aligned. Score:  74
Sequences (16:38) Aligned. Score:  75
Sequences (16:39) Aligned. Score:  77
Sequences (16:40) Aligned. Score:  79
Sequences (16:41) Aligned. Score:  75
Sequences (16:42) Aligned. Score:  68
Sequences (16:43) Aligned. Score:  78
Sequences (16:44) Aligned. Score:  75
Sequences (17:18) Aligned. Score:  78
Sequences (17:19) Aligned. Score:  74
Sequences (17:20) Aligned. Score:  79
Sequences (17:21) Aligned. Score:  75
Sequences (17:22) Aligned. Score:  74
Sequences (17:23) Aligned. Score:  74
Sequences (17:24) Aligned. Score:  74
Sequences (17:25) Aligned. Score:  74
Sequences (17:26) Aligned. Score:  74
Sequences (17:27) Aligned. Score:  76
Sequences (17:28) Aligned. Score:  73
Sequences (17:29) Aligned. Score:  73
Sequences (17:30) Aligned. Score:  72
Sequences (17:31) Aligned. Score:  75
Sequences (17:32) Aligned. Score:  75
Sequences (17:33) Aligned. Score:  75
Sequences (17:34) Aligned. Score:  76
Sequences (17:35) Aligned. Score:  74
Sequences (17:36) Aligned. Score:  70
Sequences (17:37) Aligned. Score:  74
Sequences (17:38) Aligned. Score:  75
Sequences (17:39) Aligned. Score:  70
Sequences (17:40) Aligned. Score:  77
Sequences (17:41) Aligned. Score:  72
Sequences (17:42) Aligned. Score:  67
Sequences (17:43) Aligned. Score:  75
Sequences (17:44) Aligned. Score:  72
Sequences (18:19) Aligned. Score:  85
Sequences (18:20) Aligned. Score:  83
Sequences (18:21) Aligned. Score:  77
Sequences (18:22) Aligned. Score:  79
Sequences (18:23) Aligned. Score:  78
Sequences (18:24) Aligned. Score:  76
Sequences (18:25) Aligned. Score:  75
Sequences (18:26) Aligned. Score:  74
Sequences (18:27) Aligned. Score:  77
Sequences (18:28) Aligned. Score:  75
Sequences (18:29) Aligned. Score:  74
Sequences (18:30) Aligned. Score:  76
Sequences (18:31) Aligned. Score:  77
Sequences (18:32) Aligned. Score:  80
Sequences (18:33) Aligned. Score:  80
Sequences (18:34) Aligned. Score:  78
Sequences (18:35) Aligned. Score:  79
Sequences (18:36) Aligned. Score:  73
Sequences (18:37) Aligned. Score:  75
Sequences (18:38) Aligned. Score:  77
Sequences (18:39) Aligned. Score:  75
Sequences (18:40) Aligned. Score:  79
Sequences (18:41) Aligned. Score:  89
Sequences (18:42) Aligned. Score:  83
Sequences (18:43) Aligned. Score:  90
Sequences (18:44) Aligned. Score:  89
Sequences (19:20) Aligned. Score:  82
Sequences (19:21) Aligned. Score:  72
Sequences (19:22) Aligned. Score:  73
Sequences (19:23) Aligned. Score:  75
Sequences (19:24) Aligned. Score:  72
Sequences (19:25) Aligned. Score:  74
Sequences (19:26) Aligned. Score:  71
Sequences (19:27) Aligned. Score:  75
Sequences (19:28) Aligned. Score:  73
Sequences (19:29) Aligned. Score:  72
Sequences (19:30) Aligned. Score:  74
Sequences (19:31) Aligned. Score:  72
Sequences (19:32) Aligned. Score:  77
Sequences (19:33) Aligned. Score:  74
Sequences (19:34) Aligned. Score:  76
Sequences (19:35) Aligned. Score:  74
Sequences (19:36) Aligned. Score:  69
Sequences (19:37) Aligned. Score:  70
Sequences (19:38) Aligned. Score:  74
Sequences (19:39) Aligned. Score:  73
Sequences (19:40) Aligned. Score:  77
Sequences (19:41) Aligned. Score:  80
Sequences (19:42) Aligned. Score:  77
Sequences (19:43) Aligned. Score:  82
Sequences (19:44) Aligned. Score:  81
Sequences (20:21) Aligned. Score:  74
Sequences (20:22) Aligned. Score:  76
Sequences (20:23) Aligned. Score:  78
Sequences (20:24) Aligned. Score:  77
Sequences (20:25) Aligned. Score:  76
Sequences (20:26) Aligned. Score:  74
Sequences (20:27) Aligned. Score:  73
Sequences (20:28) Aligned. Score:  75
Sequences (20:29) Aligned. Score:  74
Sequences (20:30) Aligned. Score:  76
Sequences (20:31) Aligned. Score:  77
Sequences (20:32) Aligned. Score:  79
Sequences (20:33) Aligned. Score:  79
Sequences (20:34) Aligned. Score:  81
Sequences (20:35) Aligned. Score:  77
Sequences (20:36) Aligned. Score:  71
Sequences (20:37) Aligned. Score:  76
Sequences (20:38) Aligned. Score:  77
Sequences (20:39) Aligned. Score:  73
Sequences (20:40) Aligned. Score:  79
Sequences (20:41) Aligned. Score:  76
Sequences (20:42) Aligned. Score:  75
Sequences (20:43) Aligned. Score:  79
Sequences (20:44) Aligned. Score:  77
Sequences (21:22) Aligned. Score:  81
Sequences (21:23) Aligned. Score:  72
Sequences (21:24) Aligned. Score:  74
Sequences (21:25) Aligned. Score:  72
Sequences (21:26) Aligned. Score:  71
Sequences (21:27) Aligned. Score:  75
Sequences (21:28) Aligned. Score:  73
Sequences (21:29) Aligned. Score:  75
Sequences (21:30) Aligned. Score:  78
Sequences (21:31) Aligned. Score:  80
Sequences (21:32) Aligned. Score:  77
Sequences (21:33) Aligned. Score:  76
Sequences (21:34) Aligned. Score:  73
Sequences (21:35) Aligned. Score:  76
Sequences (21:36) Aligned. Score:  71
Sequences (21:37) Aligned. Score:  71
Sequences (21:38) Aligned. Score:  73
Sequences (21:39) Aligned. Score:  76
Sequences (21:40) Aligned. Score:  78
Sequences (21:41) Aligned. Score:  70
Sequences (21:42) Aligned. Score:  64
Sequences (21:43) Aligned. Score:  74
Sequences (21:44) Aligned. Score:  72
Sequences (22:23) Aligned. Score:  75
Sequences (22:24) Aligned. Score:  72
Sequences (22:25) Aligned. Score:  76
Sequences (22:26) Aligned. Score:  74
Sequences (22:27) Aligned. Score:  75
Sequences (22:28) Aligned. Score:  75
Sequences (22:29) Aligned. Score:  73
Sequences (22:30) Aligned. Score:  74
Sequences (22:31) Aligned. Score:  77
Sequences (22:32) Aligned. Score:  76
Sequences (22:33) Aligned. Score:  77
Sequences (22:34) Aligned. Score:  75
Sequences (22:35) Aligned. Score:  76
Sequences (22:36) Aligned. Score:  70
Sequences (22:37) Aligned. Score:  74
Sequences (22:38) Aligned. Score:  76
Sequences (22:39) Aligned. Score:  74
Sequences (22:40) Aligned. Score:  78
Sequences (22:41) Aligned. Score:  70
Sequences (22:42) Aligned. Score:  67
Sequences (22:43) Aligned. Score:  74
Sequences (22:44) Aligned. Score:  72
Sequences (23:24) Aligned. Score:  73
Sequences (23:25) Aligned. Score:  73
Sequences (23:26) Aligned. Score:  73
Sequences (23:27) Aligned. Score:  70
Sequences (23:28) Aligned. Score:  69
Sequences (23:29) Aligned. Score:  71
Sequences (23:30) Aligned. Score:  69
Sequences (23:31) Aligned. Score:  74
Sequences (23:32) Aligned. Score:  75
Sequences (23:33) Aligned. Score:  75
Sequences (23:34) Aligned. Score:  76
Sequences (23:35) Aligned. Score:  73
Sequences (23:36) Aligned. Score:  66
Sequences (23:37) Aligned. Score:  73
Sequences (23:38) Aligned. Score:  76
Sequences (23:39) Aligned. Score:  71
Sequences (23:40) Aligned. Score:  76
Sequences (23:41) Aligned. Score:  69
Sequences (23:42) Aligned. Score:  67
Sequences (23:43) Aligned. Score:  73
Sequences (23:44) Aligned. Score:  72
Sequences (24:25) Aligned. Score:  73
Sequences (24:26) Aligned. Score:  69
Sequences (24:27) Aligned. Score:  74
Sequences (24:28) Aligned. Score:  73
Sequences (24:29) Aligned. Score:  73
Sequences (24:30) Aligned. Score:  75
Sequences (24:31) Aligned. Score:  75
Sequences (24:32) Aligned. Score:  79
Sequences (24:33) Aligned. Score:  77
Sequences (24:34) Aligned. Score:  77
Sequences (24:35) Aligned. Score:  74
Sequences (24:36) Aligned. Score:  72
Sequences (24:37) Aligned. Score:  73
Sequences (24:38) Aligned. Score:  74
Sequences (24:39) Aligned. Score:  77
Sequences (24:40) Aligned. Score:  76
Sequences (24:41) Aligned. Score:  69
Sequences (24:42) Aligned. Score:  67
Sequences (24:43) Aligned. Score:  74
Sequences (24:44) Aligned. Score:  71
Sequences (25:26) Aligned. Score:  71
Sequences (25:27) Aligned. Score:  74
Sequences (25:28) Aligned. Score:  73
Sequences (25:29) Aligned. Score:  70
Sequences (25:30) Aligned. Score:  71
Sequences (25:31) Aligned. Score:  73
Sequences (25:32) Aligned. Score:  75
Sequences (25:33) Aligned. Score:  75
Sequences (25:34) Aligned. Score:  73
Sequences (25:35) Aligned. Score:  74
Sequences (25:36) Aligned. Score:  72
Sequences (25:37) Aligned. Score:  72
Sequences (25:38) Aligned. Score:  75
Sequences (25:39) Aligned. Score:  72
Sequences (25:40) Aligned. Score:  74
Sequences (25:41) Aligned. Score:  67
Sequences (25:42) Aligned. Score:  64
Sequences (25:43) Aligned. Score:  73
Sequences (25:44) Aligned. Score:  69
Sequences (26:27) Aligned. Score:  75
Sequences (26:28) Aligned. Score:  70
Sequences (26:29) Aligned. Score:  69
Sequences (26:30) Aligned. Score:  68
Sequences (26:31) Aligned. Score:  72
Sequences (26:32) Aligned. Score:  73
Sequences (26:33) Aligned. Score:  72
Sequences (26:34) Aligned. Score:  70
Sequences (26:35) Aligned. Score:  74
Sequences (26:36) Aligned. Score:  70
Sequences (26:37) Aligned. Score:  70
Sequences (26:38) Aligned. Score:  74
Sequences (26:39) Aligned. Score:  69
Sequences (26:40) Aligned. Score:  74
Sequences (26:41) Aligned. Score:  67
Sequences (26:42) Aligned. Score:  64
Sequences (26:43) Aligned. Score:  72
Sequences (26:44) Aligned. Score:  70
Sequences (27:28) Aligned. Score:  72
Sequences (27:29) Aligned. Score:  70
Sequences (27:30) Aligned. Score:  71
Sequences (27:31) Aligned. Score:  76
Sequences (27:32) Aligned. Score:  74
Sequences (27:33) Aligned. Score:  74
Sequences (27:34) Aligned. Score:  77
Sequences (27:35) Aligned. Score:  75
Sequences (27:36) Aligned. Score:  72
Sequences (27:37) Aligned. Score:  74
Sequences (27:38) Aligned. Score:  76
Sequences (27:39) Aligned. Score:  70
Sequences (27:40) Aligned. Score:  78
Sequences (27:41) Aligned. Score:  69
Sequences (27:42) Aligned. Score:  69
Sequences (27:43) Aligned. Score:  73
Sequences (27:44) Aligned. Score:  71
Sequences (28:29) Aligned. Score:  73
Sequences (28:30) Aligned. Score:  71
Sequences (28:31) Aligned. Score:  75
Sequences (28:32) Aligned. Score:  75
Sequences (28:33) Aligned. Score:  75
Sequences (28:34) Aligned. Score:  75
Sequences (28:35) Aligned. Score:  75
Sequences (28:36) Aligned. Score:  71
Sequences (28:37) Aligned. Score:  71
Sequences (28:38) Aligned. Score:  74
Sequences (28:39) Aligned. Score:  73
Sequences (28:40) Aligned. Score:  76
Sequences (28:41) Aligned. Score:  65
Sequences (28:42) Aligned. Score:  69
Sequences (28:43) Aligned. Score:  73
Sequences (28:44) Aligned. Score:  71
Sequences (29:30) Aligned. Score:  76
Sequences (29:31) Aligned. Score:  79
Sequences (29:32) Aligned. Score:  76
Sequences (29:33) Aligned. Score:  75
Sequences (29:34) Aligned. Score:  72
Sequences (29:35) Aligned. Score:  74
Sequences (29:36) Aligned. Score:  71
Sequences (29:37) Aligned. Score:  68
Sequences (29:38) Aligned. Score:  71
Sequences (29:39) Aligned. Score:  78
Sequences (29:40) Aligned. Score:  76
Sequences (29:41) Aligned. Score:  67
Sequences (29:42) Aligned. Score:  64
Sequences (29:43) Aligned. Score:  72
Sequences (29:44) Aligned. Score:  69
Sequences (30:31) Aligned. Score:  74
Sequences (30:32) Aligned. Score:  77
Sequences (30:33) Aligned. Score:  76
Sequences (30:34) Aligned. Score:  76
Sequences (30:35) Aligned. Score:  75
Sequences (30:36) Aligned. Score:  69
Sequences (30:37) Aligned. Score:  69
Sequences (30:38) Aligned. Score:  72
Sequences (30:39) Aligned. Score:  75
Sequences (30:40) Aligned. Score:  74
Sequences (30:41) Aligned. Score:  64
Sequences (30:42) Aligned. Score:  69
Sequences (30:43) Aligned. Score:  70
Sequences (30:44) Aligned. Score:  70
Sequences (31:32) Aligned. Score:  78
Sequences (31:33) Aligned. Score:  77
Sequences (31:34) Aligned. Score:  75
Sequences (31:35) Aligned. Score:  77
Sequences (31:36) Aligned. Score:  75
Sequences (31:37) Aligned. Score:  73
Sequences (31:38) Aligned. Score:  75
Sequences (31:39) Aligned. Score:  81
Sequences (31:40) Aligned. Score:  79
Sequences (31:41) Aligned. Score:  68
Sequences (31:42) Aligned. Score:  66
Sequences (31:43) Aligned. Score:  75
Sequences (31:44) Aligned. Score:  71
Sequences (32:33) Aligned. Score:  94
Sequences (32:34) Aligned. Score:  90
Sequences (32:35) Aligned. Score:  84
Sequences (32:36) Aligned. Score:  72
Sequences (32:37) Aligned. Score:  74
Sequences (32:38) Aligned. Score:  76
Sequences (32:39) Aligned. Score:  76
Sequences (32:40) Aligned. Score:  81
Sequences (32:41) Aligned. Score:  69
Sequences (32:42) Aligned. Score:  73
Sequences (32:43) Aligned. Score:  75
Sequences (32:44) Aligned. Score:  74
Sequences (33:34) Aligned. Score:  86
Sequences (33:35) Aligned. Score:  84
Sequences (33:36) Aligned. Score:  70
Sequences (33:37) Aligned. Score:  74
Sequences (33:38) Aligned. Score:  75
Sequences (33:39) Aligned. Score:  75
Sequences (33:40) Aligned. Score:  79
Sequences (33:41) Aligned. Score:  71
Sequences (33:42) Aligned. Score:  70
Sequences (33:43) Aligned. Score:  75
Sequences (33:44) Aligned. Score:  74
Sequences (34:35) Aligned. Score:  81
Sequences (34:36) Aligned. Score:  72
Sequences (34:37) Aligned. Score:  73
Sequences (34:38) Aligned. Score:  73
Sequences (34:39) Aligned. Score:  77
Sequences (34:40) Aligned. Score:  77
Sequences (34:41) Aligned. Score:  71
Sequences (34:42) Aligned. Score:  70
Sequences (34:43) Aligned. Score:  77
Sequences (34:44) Aligned. Score:  74
Sequences (35:36) Aligned. Score:  72
Sequences (35:37) Aligned. Score:  72
Sequences (35:38) Aligned. Score:  75
Sequences (35:39) Aligned. Score:  72
Sequences (35:40) Aligned. Score:  78
Sequences (35:41) Aligned. Score:  71
Sequences (35:42) Aligned. Score:  69
Sequences (35:43) Aligned. Score:  74
Sequences (35:44) Aligned. Score:  74
Sequences (36:37) Aligned. Score:  70
Sequences (36:38) Aligned. Score:  70
Sequences (36:39) Aligned. Score:  70
Sequences (36:40) Aligned. Score:  73
Sequences (36:41) Aligned. Score:  64
Sequences (36:42) Aligned. Score:  63
Sequences (36:43) Aligned. Score:  69
Sequences (36:44) Aligned. Score:  68
Sequences (37:38) Aligned. Score:  80
Sequences (37:39) Aligned. Score:  71
Sequences (37:40) Aligned. Score:  72
Sequences (37:41) Aligned. Score:  71
Sequences (37:42) Aligned. Score:  65
Sequences (37:43) Aligned. Score:  74
Sequences (37:44) Aligned. Score:  72
Sequences (38:39) Aligned. Score:  73
Sequences (38:40) Aligned. Score:  77
Sequences (38:41) Aligned. Score:  72
Sequences (38:42) Aligned. Score:  66
Sequences (38:43) Aligned. Score:  75
Sequences (38:44) Aligned. Score:  73
Sequences (39:40) Aligned. Score:  80
Sequences (39:41) Aligned. Score:  69
Sequences (39:42) Aligned. Score:  68
Sequences (39:43) Aligned. Score:  73
Sequences (39:44) Aligned. Score:  72
Sequences (40:41) Aligned. Score:  75
Sequences (40:42) Aligned. Score:  69
Sequences (40:43) Aligned. Score:  78
Sequences (40:44) Aligned. Score:  75
Sequences (41:42) Aligned. Score:  99
Sequences (41:43) Aligned. Score:  97
Sequences (41:44) Aligned. Score:  98
Sequences (42:43) Aligned. Score:  97
Sequences (42:44) Aligned. Score:  95
Sequences (43:44) Aligned. Score:  98
Guide tree file created:   [/mnt/lfs/walt2178/Projects/rna-pipeline-python-qsub-staging/output/clustal/clustal_all.dnd]

There are 43 groups
Start of Multiple Alignment

Aligning...
Group 1: Sequences:   2      Score:21868
Group 2: Sequences:   3      Score:21765
Group 3: Sequences:   2      Score:24678
Group 4: Sequences:   5      Score:21356
Group 5: Sequences:   2      Score:18822
Group 6: Sequences:   3      Score:23270
Group 7: Sequences:   4      Score:23342
Group 8: Sequences:   5      Score:22979
Group 9: Sequences:   6      Score:22231
Group 10: Sequences:   7      Score:21459
Group 11: Sequences:   8      Score:20917
Group 12: Sequences:  13      Score:20200
Group 13: Sequences:   2      Score:24116
Group 14: Sequences:   2      Score:26362
Group 15: Sequences:   2      Score:27397
Group 16: Sequences:   2      Score:27426
Group 17: Sequences:   4      Score:25242
Group 18: Sequences:   6      Score:24846
Group 19: Sequences:   8      Score:22504
Group 20: Sequences:   9      Score:23066
Group 21: Sequences:  10      Score:22433
Group 22: Sequences:  23      Score:20726
Group 23: Sequences:   2      Score:25502
Group 24: Sequences:   3      Score:24564
Group 25: Sequences:   4      Score:25046
Group 26: Sequences:   2      Score:22716
Group 27: Sequences:   6      Score:23247
Group 28: Sequences:   2      Score:21695
Group 29: Sequences:   8      Score:20405
Group 30: Sequences:  31      Score:19891
Group 31: Sequences:   2      Score:26815
Group 32: Sequences:   3      Score:25964
Group 33: Sequences:   4      Score:24728
Group 34: Sequences:   5      Score:20840
Group 35: Sequences:  36      Score:20108
Group 36: Sequences:   2      Score:20609
Group 37: Sequences:   3      Score:21934
Group 38: Sequences:  39      Score:19713
Group 39: Sequences:  40      Score:21720
Group 40: Sequences:   2      Score:20062
Group 41: Sequences:   2      Score:23034
Group 42: Sequences:   4      Score:20347
Group 43: Sequences:  44      Score:18874
Alignment Score 6523187

CLUSTAL-Alignment file created  [/mnt/lfs/walt2178/Projects/rna-pipeline-python-qsub-staging/output/clustal/clustal_all.aln]

