### DEBUG OUTPUT START ###
	DNADIST_SCRIPT: /mnt/lfs/walt2178/Projects/rna-pipeline-python-qsub-staging/scripts/dnadist_script
	CLUSTAL_OUTPUT_DIR: /mnt/lfs/walt2178/Projects/rna-pipeline-python-qsub-staging/output/clustal
	DISTANCES_FILE: /mnt/lfs/walt2178/Projects/rna-pipeline-python-qsub-staging/output/clustal/distances
	PHYLIP_IN_FILE: /mnt/lfs/walt2178/Projects/rna-pipeline-python-qsub-staging/output/clustal/infile
### DEBUG OUTPUT END ###
Making the distance matrix...
[2J[H[2J[H
Nucleic acid sequence Distance Matrix program, version 3.68

Settings for this run:
  D  Distance (F84, Kimura, Jukes-Cantor, LogDet)?  F84
  G          Gamma distributed rates across sites?  No
  T                 Transition/transversion ratio?  2.0
  C            One category of substitution rates?  Yes
  W                         Use weights for sites?  No
  F                Use empirical base frequencies?  Yes
  L                       Form of distance matrix?  Square
  M                    Analyze multiple data sets?  No
  I                   Input sequences interleaved?  Yes
  0            Terminal type (IBM PC, ANSI, none)?  ANSI
  1             Print out the data at start of run  No
  2           Print indications of progress of run  Yes

  Y to accept these or type the letter for one to change
[2J[H
Nucleic acid sequence Distance Matrix program, version 3.68

Settings for this run:
  D  Distance (F84, Kimura, Jukes-Cantor, LogDet)?  Kimura 2-parameter
  G          Gamma distributed rates across sites?  No
  T                 Transition/transversion ratio?  2.0
  C            One category of substitution rates?  Yes
  W                         Use weights for sites?  No
  L                       Form of distance matrix?  Square
  M                    Analyze multiple data sets?  No
  I                   Input sequences interleaved?  Yes
  0            Terminal type (IBM PC, ANSI, none)?  ANSI
  1             Print out the data at start of run  No
  2           Print indications of progress of run  Yes

  Y to accept these or type the letter for one to change
[2J[H
Nucleic acid sequence Distance Matrix program, version 3.68

Settings for this run:
  D  Distance (F84, Kimura, Jukes-Cantor, LogDet)?  Jukes-Cantor
  G          Gamma distributed rates across sites?  No
  C            One category of substitution rates?  Yes
  W                         Use weights for sites?  No
  L                       Form of distance matrix?  Square
  M                    Analyze multiple data sets?  No
  I                   Input sequences interleaved?  Yes
  0            Terminal type (IBM PC, ANSI, none)?  ANSI
  1             Print out the data at start of run  No
  2           Print indications of progress of run  Yes

  Y to accept these or type the letter for one to change
Distances calculated for species
    SEQ0000002   ....................................................................................................................................
    SEQ0000062   ...................................................................................................................................
    SEQ0000015   ..................................................................................................................................
    SEQ0000047   .................................................................................................................................
    SEQ0000056   ................................................................................................................................
    SEQ0000094   ...............................................................................................................................
    SEQ0000102   ..............................................................................................................................
    SEQ0000078   .............................................................................................................................
    SEQ0000126   ............................................................................................................................
    SEQ0000103   ...........................................................................................................................
    SEQ0000105   ..........................................................................................................................
    SEQ0000050   .........................................................................................................................
    SEQ0000003   ........................................................................................................................
    SEQ0000001   .......................................................................................................................
    SEQ0000048   ......................................................................................................................
    SEQ0000023   .....................................................................................................................
    SEQ0000059   ....................................................................................................................
    SEQ0000035   ...................................................................................................................
    SEQ0000067   ..................................................................................................................
    SEQ0000045   .................................................................................................................
    SEQ0000098   ................................................................................................................
    SEQ0000109   ...............................................................................................................
    SEQ0000107   ..............................................................................................................
    SEQ0000114   .............................................................................................................
    SEQ0000085   ............................................................................................................
    SEQ0000108   ...........................................................................................................
    SEQ0000089   ..........................................................................................................
    SEQ0000086   .........................................................................................................
    SEQ0000130   ........................................................................................................
    SEQ0000106   .......................................................................................................
    SEQ0000087   ......................................................................................................
    SEQ0000090   .....................................................................................................
    SEQ0000113   ....................................................................................................
    SEQ0000122   ...................................................................................................
    SEQ0000100   ..................................................................................................
    SEQ0000116   .................................................................................................
    SEQ0000120   ................................................................................................
    SEQ0000110   ...............................................................................................
    SEQ0000125   ..............................................................................................
    SEQ0000123   .............................................................................................
    SEQ0000128   ............................................................................................
    SEQ0000101   ...........................................................................................
    SEQ0000127   ..........................................................................................
    SEQ0000012   .........................................................................................
    SEQ0000042   ........................................................................................
    SEQ0000006   .......................................................................................
    SEQ0000034   ......................................................................................
    SEQ0000005   .....................................................................................
    SEQ0000075   ....................................................................................
    SEQ0000074   ...................................................................................
    SEQ0000068   ..................................................................................
    SEQ0000009   .................................................................................
    SEQ0000039   ................................................................................
    SEQ0000014   ...............................................................................
    SEQ0000031   ..............................................................................
    SEQ0000016   .............................................................................
    SEQ0000058   ............................................................................
    SEQ0000021   ...........................................................................
    SEQ0000065   ..........................................................................
    SEQ0000046   .........................................................................
    SEQ0000022   ........................................................................
    SEQ0000024   .......................................................................
    SEQ0000061   ......................................................................
    SEQ0000072   .....................................................................
    SEQ0000077   ....................................................................
    SEQ0000019   ...................................................................
    SEQ0000069   ..................................................................
    SEQ0000076   .................................................................
    SEQ0000017   ................................................................
    SEQ0000070   ...............................................................
    SEQ0000063   ..............................................................
    SEQ0000025   .............................................................
    SEQ0000026   ............................................................
    SEQ0000028   ...........................................................
    SEQ0000040   ..........................................................
    SEQ0000049   .........................................................
    SEQ0000119   ........................................................
    SEQ0000060   .......................................................
    SEQ0000118   ......................................................
    SEQ0000008   .....................................................
    SEQ0000066   ....................................................
    SEQ0000052   ...................................................
    SEQ0000071   ..................................................
    SEQ0000073   .................................................
    SEQ0000041   ................................................
    SEQ0000064   ...............................................
    SEQ0000054   ..............................................
    SEQ0000013   .............................................
    SEQ0000037   ............................................
    SEQ0000018   ...........................................
    SEQ0000079   ..........................................
    SEQ0000055   .........................................
    SEQ0000038   ........................................
    SEQ0000057   .......................................
    SEQ0000080   ......................................
    SEQ0000081   .....................................
    SEQ0000121   ....................................
    SEQ0000131   ...................................
    SEQ0000132   ..................................
    SEQ0000096   .................................
    SEQ0000092   ................................
    SEQ0000097   ...............................
    SEQ0000093   ..............................
    SEQ0000133   .............................
    SEQ0000104   ............................
    SEQ0000124   ...........................
    SEQ0000032   ..........................
    SEQ0000099   .........................
    SEQ0000027   ........................
    SEQ0000083   .......................
    SEQ0000044   ......................
    SEQ0000115   .....................
    SEQ0000004   ....................
    SEQ0000117   ...................
    SEQ0000007   ..................
    SEQ0000088   .................
    SEQ0000020   ................
    SEQ0000082   ...............
    SEQ0000033   ..............
    SEQ0000010   .............
    SEQ0000029   ............
    SEQ0000051   ...........
    SEQ0000043   ..........
    SEQ0000011   .........
    SEQ0000036   ........
    SEQ0000084   .......
    SEQ0000112   ......
    SEQ0000091   .....
    SEQ0000111   ....
    SEQ0000129   ...
    SEQ0000095   ..
    SEQ0000053   .
    SEQ0000030

Distances written to file "outfile"

Done.

