### DEBUG OUTPUT START ###
	PERL_DIR: /mnt/lfs/walt2178/Projects/rna-pipeline-python-qsub-staging/scripts
	NEIGHBOR_DIR: /mnt/lfs/walt2178/Projects/rna-pipeline-python-qsub-staging/output/clustal
	NEIGHBOR_ROOT: 
	NEIGHBOR_SCRIPT: /mnt/lfs/walt2178/Projects/rna-pipeline-python-qsub-staging/output/clustal/neighbor_script
	CLUSTAL_OUTPUT_DIR: /mnt/lfs/walt2178/Projects/rna-pipeline-python-qsub-staging/output/clustal
	TREE_DIR: /mnt/lfs/walt2178/Projects/rna-pipeline-python-qsub-staging/output/tree
### DEBUG OUTPUT END ###
Number of  in /mnt/lfs/walt2178/Projects/rna-pipeline-python-qsub-staging/output/clustal/distances: 41 for SEQ0000001
Created the script for neighbor to use.
Making the tree...
[2J[Hneighbor: can't find input file "infile"
Please enter a new file name> 
[2J[H
Neighbor-Joining/UPGMA method version 3.68

Settings for this run:
  N       Neighbor-joining or UPGMA tree?  Neighbor-joining
  O                        Outgroup root?  No, use as outgroup species  1
  L         Lower-triangular data matrix?  No
  R         Upper-triangular data matrix?  No
  S                        Subreplicates?  No
  J     Randomize input order of species?  No. Use input order
  M           Analyze multiple data sets?  No
  0   Terminal type (IBM PC, ANSI, none)?  ANSI
  1    Print out the data at start of run  No
  2  Print indications of progress of run  Yes
  3                        Print out tree  Yes
  4       Write out trees onto tree file?  Yes


  Y to accept these or type the letter for one to change
Type number of the outgroup:
[2J[H
Neighbor-Joining/UPGMA method version 3.68

Settings for this run:
  N       Neighbor-joining or UPGMA tree?  Neighbor-joining
  O                        Outgroup root?  Yes, at species number 41
  L         Lower-triangular data matrix?  No
  R         Upper-triangular data matrix?  No
  S                        Subreplicates?  No
  J     Randomize input order of species?  No. Use input order
  M           Analyze multiple data sets?  No
  0   Terminal type (IBM PC, ANSI, none)?  ANSI
  1    Print out the data at start of run  No
  2  Print indications of progress of run  Yes
  3                        Print out tree  Yes
  4       Write out trees onto tree file?  Yes


  Y to accept these or type the letter for one to change

Cycle  41: species 7 (   0.00000) joins species 8 (   0.00000)
Cycle  40: species 7 (   0.00000) joins species 9 (   0.00000)
Cycle  39: species 6 (   0.00370) joins species 7 (   0.00150)
Cycle  38: species 20 (   0.02530) joins species 21 (   0.02690)
Cycle  37: species 18 (   0.03484) joins species 19 (   0.03367)
Cycle  36: species 24 (   0.02887) joins species 25 (   0.03337)
Cycle  35: species 16 (   0.05932) joins species 17 (   0.07129)
Cycle  34: species 32 (   0.03639) joins species 33 (   0.04302)
Cycle  33: species 41 (   0.23042) joins species 42 (   0.12746)
Cycle  32: node 6 (   0.05180) joins species 10 (   0.05006)
Cycle  31: node 24 (   0.03104) joins species 29 (   0.06208)
Cycle  30: node 24 (   0.00430) joins species 28 (   0.08502)
Cycle  29: node 24 (   0.00308) joins species 27 (   0.06878)
Cycle  28: species 43 (   0.10235) joins species 44 (   0.10102)
Cycle  27: node 24 (   0.01665) joins species 26 (   0.06942)
Cycle  26: species 4 (   0.13310) joins species 5 (   0.11250)
Cycle  25: node 6 (   0.02405) joins species 11 (   0.10097)
Cycle  24: node 18 (   0.04945) joins node 20 (   0.06545)
Cycle  23: node 41 (   0.03773) joins node 43 (   0.01377)
Cycle  22: node 32 (   0.03509) joins species 34 (   0.05982)
Cycle  21: species 37 (   0.11419) joins species 38 (   0.14523)
Cycle  20: species 14 (   0.07555) joins species 15 (   0.08234)
Cycle  19: node 16 (   0.05099) joins node 18 (   0.01889)
Cycle  18: species 30 (   0.17283) joins species 31 (   0.19573)
Cycle  17: node 32 (   0.02419) joins species 35 (   0.12089)
Cycle  16: node 6 (   0.03124) joins species 12 (   0.09115)
Cycle  15: node 37 (   0.02214) joins species 39 (   0.14441)
Cycle  14: species 1 (   0.18376) joins species 2 (   0.14181)
Cycle  13: node 1 (   0.00622) joins species 3 (   0.12732)
Cycle  12: node 14 (   0.02907) joins node 16 (   0.02611)
Cycle  11: species 22 (   0.12443) joins species 23 (   0.14735)
Cycle  10: node 24 (   0.04912) joins node 30 (   0.02138)
Cycle   9: node 6 (   0.02083) joins species 13 (   0.16374)
Cycle   8: node 14 (   0.01554) joins node 22 (   0.01231)
Cycle   7: node 37 (   0.01376) joins node 41 (   0.04680)
Cycle   6: node 37 (   0.00646) joins species 40 (   0.13846)
Cycle   5: node 4 (   0.05439) joins node 6 (   0.00941)
Cycle   4: node 32 (   0.03053) joins species 36 (   0.18170)
Cycle   3: node 1 (   0.01974) joins node 4 (   0.00622)
Cycle   2: node 14 (   0.01141) joins node 24 (   0.02146)
Cycle   1: node 32 (   0.00566) joins node 37 (   0.01007)
last cycle:
 node 1  (   0.00664) joins node 14  (   0.00533) joins node 32  (   0.00495)

Output written on file "outfile"

Tree written on file "outtree"

Done.

Changing back to full names...
Moving "final" output to /mnt/lfs/walt2178/Projects/rna-pipeline-python-qsub-staging/output/tree
