From 001.fasta_prep.log:

Collating all .fasta files into list
Ensuring Unix endlines on all files
Backing up original sequences.
Making sure all filenames are the FASTA sequences names.

From 002.get_good_seq.log:

Collating sequences...
Finding the good seqs and placing them in /mnt/lfs/walt2178/Projects/rna-pipeline-python-qsub-staging/output/blast/good_sequences

From formatdb.log:


========================[ Jun 17, 2013  3:48 PM ]========================
Version 2.2.24 [Aug-08-2010]
Started database file "/mnt/lfs/walt2178/Projects/rna-pipeline-python-qsub-staging/output/blast/good_sequences"
Formatted 2 sequences in volume 0
SUCCESS: formatted database /mnt/lfs/walt2178/Projects/rna-pipeline-python-qsub-staging/output/blast/good_sequences

From 003.blast_dir.log:

Running formatdb to format the good sequences into a database to blast
against with our sample sequence.

BLASTing /mnt/lfs/walt2178/Projects/rna-pipeline-python-qsub-staging/usr/af243169.for against sequences to find direction.
2 good sequences were found.
Pulling match names and placing in /mnt/lfs/walt2178/Projects/rna-pipeline-python-qsub-staging/output/blast/blast_input
Splitting up the good sequence file.

From 004.blast_arr_prep.log:

mv la072.fasta la072.fasta.0
mv la091.fasta la091.fasta.1

From 006.blastall_check.log:

Checking to see that all blasts were found.

From 007.blastall_hits.log:

Debug start...
BLAST_OUT_5_FILE: /mnt/lfs/walt2178/Projects/rna-pipeline-python-qsub-staging/output/blast/blastout5
Debug end...

Concatenating the blast file
Parsing blast results
Making hit spreadsheets.
Making hit statistics.
Getting the unique hits:

S000824899	EF423589 Bacillus subtilis subsp. subtilis; F121112.
S002913152	JF799891 Staphylococcus epidermidis; CIFRI D-TSB-21-ZMA.


Fetching the hit sequences from the database
Fetching /mnt/home/data/db/rdp/species:s000824899
Fetching /mnt/home/data/db/rdp/species:s002913152

From 008.clustal_prep.log:

Collating all sequences
Shortening names to 10 characters

From 009.clustal.log:

Running clustalw2
	Input File: 	/mnt/lfs/walt2178/Projects/rna-pipeline-python-qsub-staging/output/results/clustal_all
	Output File: 	/mnt/lfs/walt2178/Projects/rna-pipeline-python-qsub-staging/output/results/clustal_all.aln
/var/spool/torque/mom_priv/jobs/1123074.fortytwo.ibest.uidaho.edu.SC: line 13: [: too many arguments

From 010.clustal_check.log:


From 011.alignment.log:

Debug start...
	CLUSTAL_ALIGNMENT_FILE: /mnt/lfs/walt2178/Projects/rna-pipeline-python-qsub-staging/output/results/clustal_all.aln
	CLUSTAL_PHYLIP_FILE: /mnt/lfs/walt2178/Projects/rna-pipeline-python-qsub-staging/output/results/clustal_all.phy
	PHYLIP_IN_FILE: /mnt/lfs/walt2178/Projects/rna-pipeline-python-qsub-staging/output/results/infile
Debug end...
Getting alignment start and end
START: 165
END: 1352
Clipping the alignment
Reads and writes (returns) sequences

From 012.dist_matrix.log:

Debug start...
	DNADIST_SCRIPT: /mnt/lfs/walt2178/Projects/rna-pipeline-python-qsub-staging/bin/bash/dnadist_script
	DNADIST_SCRIPT: /mnt/lfs/walt2178/Projects/rna-pipeline-python-qsub-staging/output/results/distances
	DNADIST_SCRIPT: /mnt/lfs/walt2178/Projects/rna-pipeline-python-qsub-staging/output/results/infile
Debug end...
Making the distance matrix...
[2J[H[2J[H
Nucleic acid sequence Distance Matrix program, version 3.68

Settings for this run:
  D  Distance (F84, Kimura, Jukes-Cantor, LogDet)?  F84
  G          Gamma distributed rates across sites?  No
  T                 Transition/transversion ratio?  2.0
  C            One category of substitution rates?  Yes
  W                         Use weights for sites?  No
  F                Use empirical base frequencies?  Yes
  L                       Form of distance matrix?  Square
  M                    Analyze multiple data sets?  No
  I                   Input sequences interleaved?  Yes
  0            Terminal type (IBM PC, ANSI, none)?  ANSI
  1             Print out the data at start of run  No
  2           Print indications of progress of run  Yes

  Y to accept these or type the letter for one to change
[2J[H
Nucleic acid sequence Distance Matrix program, version 3.68

Settings for this run:
  D  Distance (F84, Kimura, Jukes-Cantor, LogDet)?  Kimura 2-parameter
  G          Gamma distributed rates across sites?  No
  T                 Transition/transversion ratio?  2.0
  C            One category of substitution rates?  Yes
  W                         Use weights for sites?  No
  L                       Form of distance matrix?  Square
  M                    Analyze multiple data sets?  No
  I                   Input sequences interleaved?  Yes
  0            Terminal type (IBM PC, ANSI, none)?  ANSI
  1             Print out the data at start of run  No
  2           Print indications of progress of run  Yes

  Y to accept these or type the letter for one to change
[2J[H
Nucleic acid sequence Distance Matrix program, version 3.68

Settings for this run:
  D  Distance (F84, Kimura, Jukes-Cantor, LogDet)?  Jukes-Cantor
  G          Gamma distributed rates across sites?  No
  C            One category of substitution rates?  Yes
  W                         Use weights for sites?  No
  L                       Form of distance matrix?  Square
  M                    Analyze multiple data sets?  No
  I                   Input sequences interleaved?  Yes
  0            Terminal type (IBM PC, ANSI, none)?  ANSI
  1             Print out the data at start of run  No
  2           Print indications of progress of run  Yes

  Y to accept these or type the letter for one to change
Distances calculated for species
    SEQ0000026   ...........................................
    SEQ0000027   ..........................................
    SEQ0000017   .........................................
    SEQ0000037   ........................................
    SEQ0000038   .......................................
    SEQ0000041   ......................................
    SEQ0000043   .....................................
    SEQ0000018   ....................................
    SEQ0000042   ...................................
    SEQ0000044   ..................................
    SEQ0000019   .................................
    SEQ0000020   ................................
    SEQ0000023   ...............................
    SEQ0000008   ..............................
    SEQ0000009   .............................
    SEQ0000010   ............................
    SEQ0000011   ...........................
    SEQ0000012   ..........................
    SEQ0000013   .........................
    SEQ0000014   ........................
    SEQ0000015   .......................
    SEQ0000016   ......................
    SEQ0000024   .....................
    SEQ0000006   ....................
    SEQ0000007   ...................
    SEQ0000002   ..................
    SEQ0000004   .................
    SEQ0000003   ................
    SEQ0000005   ...............
    SEQ0000025   ..............
    SEQ0000036   .............
    SEQ0000032   ............
    SEQ0000033   ...........
    SEQ0000034   ..........
    SEQ0000035   .........
    SEQ0000028   ........
    SEQ0000021   .......
    SEQ0000030   ......
    SEQ0000022   .....
    SEQ0000040   ....
    SEQ0000001   ...
    SEQ0000029   ..
    SEQ0000031   .
    SEQ0000039

Distances written to file "outfile"

Done.


From 013.neighbor.log:

Debug start...
	NEIGHBOR_DIR: /mnt/lfs/walt2178/Projects/rna-pipeline-python-qsub-staging/output/results
	NEIGHBOR_SCRIPT: /mnt/lfs/walt2178/Projects/rna-pipeline-python-qsub-staging/output/results/neighbor_script
	NEIGHBOR_ROOT: Methanococcus_jannaschii
Debug end...
Outputdir: /mnt/lfs/walt2178/Projects/rna-pipeline-python-qsub-staging/output/results
Outputdir: /mnt/lfs/walt2178/Projects/rna-pipeline-python-qsub-staging/output/results
Number of Methanococcus_jannaschii in /mnt/lfs/walt2178/Projects/rna-pipeline-python-qsub-staging/output/results/distances: 41 for SEQ0000001
Created the script for neighbor to use.
Making the tree...[2J[Hneighbor: can't find input file "infile"
Please enter a new file name> 
[2J[H
Neighbor-Joining/UPGMA method version 3.68

Settings for this run:
  N       Neighbor-joining or UPGMA tree?  Neighbor-joining
  O                        Outgroup root?  No, use as outgroup species  1
  L         Lower-triangular data matrix?  No
  R         Upper-triangular data matrix?  No
  S                        Subreplicates?  No
  J     Randomize input order of species?  No. Use input order
  M           Analyze multiple data sets?  No
  0   Terminal type (IBM PC, ANSI, none)?  ANSI
  1    Print out the data at start of run  No
  2  Print indications of progress of run  Yes
  3                        Print out tree  Yes
  4       Write out trees onto tree file?  Yes


  Y to accept these or type the letter for one to change
Type number of the outgroup:
[2J[H
Neighbor-Joining/UPGMA method version 3.68

Settings for this run:
  N       Neighbor-joining or UPGMA tree?  Neighbor-joining
  O                        Outgroup root?  Yes, at species number 41
  L         Lower-triangular data matrix?  No
  R         Upper-triangular data matrix?  No
  S                        Subreplicates?  No
  J     Randomize input order of species?  No. Use input order
  M           Analyze multiple data sets?  No
  0   Terminal type (IBM PC, ANSI, none)?  ANSI
  1    Print out the data at start of run  No
  2  Print indications of progress of run  Yes
  3                        Print out tree  Yes
  4       Write out trees onto tree file?  Yes


  Y to accept these or type the letter for one to change

Cycle  41: species 9 (   0.00000) joins species 10 (   0.00000)
Cycle  40: species 20 (   0.02233) joins species 21 (   0.02390)
Cycle  39: species 6 (   0.04829) joins species 7 (  -0.00325)
Cycle  38: node 6 (   0.00415) joins species 8 (   0.00527)
Cycle  37: species 18 (   0.03310) joins species 19 (   0.03216)
Cycle  36: species 24 (   0.02509) joins species 25 (   0.02953)
Cycle  35: species 41 (   0.23185) joins species 42 (   0.11435)
Cycle  34: species 32 (   0.03481) joins species 33 (   0.04395)
Cycle  33: node 6 (   0.03899) joins species 9 (   0.04993)
Cycle  32: species 16 (   0.06384) joins species 17 (   0.06767)
Cycle  31: node 24 (   0.03212) joins species 29 (   0.06139)
Cycle  30: node 24 (   0.00195) joins species 28 (   0.09031)
Cycle  29: node 24 (   0.00232) joins species 27 (   0.06627)
Cycle  28: node 24 (   0.01454) joins species 26 (   0.06583)
Cycle  27: node 41 (   0.03228) joins species 43 (   0.10378)
Cycle  26: species 4 (   0.13568) joins species 5 (   0.12002)
Cycle  25: node 32 (   0.03193) joins species 34 (   0.05966)
Cycle  24: node 6 (   0.02587) joins species 11 (   0.09234)
Cycle  23: node 41 (   0.00972) joins species 44 (   0.10287)
Cycle  22: node 18 (   0.04701) joins node 20 (   0.06985)
Cycle  21: species 14 (   0.07249) joins species 15 (   0.08177)
Cycle  20: species 37 (   0.11130) joins species 38 (   0.14130)
Cycle  19: node 32 (   0.02509) joins species 35 (   0.11830)
Cycle  18: node 16 (   0.04536) joins node 18 (   0.01723)
Cycle  17: species 30 (   0.16262) joins species 31 (   0.18901)
Cycle  16: node 6 (   0.02781) joins species 12 (   0.08766)
Cycle  15: species 1 (   0.18388) joins species 2 (   0.13461)
Cycle  14: node 1 (   0.00507) joins species 3 (   0.12614)
Cycle  13: node 37 (   0.02216) joins species 39 (   0.13885)
Cycle  12: node 24 (   0.04609) joins node 30 (   0.02204)
Cycle  11: node 6 (   0.01866) joins species 13 (   0.16072)
Cycle  10: node 14 (   0.03167) joins node 16 (   0.02362)
Cycle   9: node 14 (   0.00585) joins species 22 (   0.12378)
Cycle   8: node 37 (   0.01074) joins node 41 (   0.04151)
Cycle   7: node 14 (   0.00907) joins species 23 (   0.15668)
Cycle   6: node 37 (   0.00739) joins species 40 (   0.14291)
Cycle   5: node 32 (   0.03547) joins species 36 (   0.17700)
Cycle   4: node 14 (   0.01012) joins node 37 (   0.00719)
Cycle   3: node 14 (   0.00603) joins node 24 (   0.02026)
Cycle   2: node 14 (   0.00362) joins node 32 (   0.00939)
Cycle   1: node 1 (   0.02206) joins node 4 (   0.04929)
last cycle:
 node 1  (   0.00209) joins node 6  (   0.01557) joins node 14  (   0.00867)

Output written on file "outfile"

Tree written on file "outtree"

Done.

Done.
Changing back to full names...Done.

Everything finished at: Mon Jun 17 16:01:17 PDT 2013

