Debug start...
	DNADIST_SCRIPT: /mnt/lfs/walt2178/Projects/rna-pipeline-python-qsub-staging/bin/bash/dnadist_script
	DNADIST_SCRIPT: /mnt/lfs/walt2178/Projects/rna-pipeline-python-qsub-staging/output/results/distances
	DNADIST_SCRIPT: /mnt/lfs/walt2178/Projects/rna-pipeline-python-qsub-staging/output/results/infile
Debug end...
Making the distance matrix...
[2J[H[2J[H
Nucleic acid sequence Distance Matrix program, version 3.68

Settings for this run:
  D  Distance (F84, Kimura, Jukes-Cantor, LogDet)?  F84
  G          Gamma distributed rates across sites?  No
  T                 Transition/transversion ratio?  2.0
  C            One category of substitution rates?  Yes
  W                         Use weights for sites?  No
  F                Use empirical base frequencies?  Yes
  L                       Form of distance matrix?  Square
  M                    Analyze multiple data sets?  No
  I                   Input sequences interleaved?  Yes
  0            Terminal type (IBM PC, ANSI, none)?  ANSI
  1             Print out the data at start of run  No
  2           Print indications of progress of run  Yes

  Y to accept these or type the letter for one to change
[2J[H
Nucleic acid sequence Distance Matrix program, version 3.68

Settings for this run:
  D  Distance (F84, Kimura, Jukes-Cantor, LogDet)?  Kimura 2-parameter
  G          Gamma distributed rates across sites?  No
  T                 Transition/transversion ratio?  2.0
  C            One category of substitution rates?  Yes
  W                         Use weights for sites?  No
  L                       Form of distance matrix?  Square
  M                    Analyze multiple data sets?  No
  I                   Input sequences interleaved?  Yes
  0            Terminal type (IBM PC, ANSI, none)?  ANSI
  1             Print out the data at start of run  No
  2           Print indications of progress of run  Yes

  Y to accept these or type the letter for one to change
[2J[H
Nucleic acid sequence Distance Matrix program, version 3.68

Settings for this run:
  D  Distance (F84, Kimura, Jukes-Cantor, LogDet)?  Jukes-Cantor
  G          Gamma distributed rates across sites?  No
  C            One category of substitution rates?  Yes
  W                         Use weights for sites?  No
  L                       Form of distance matrix?  Square
  M                    Analyze multiple data sets?  No
  I                   Input sequences interleaved?  Yes
  0            Terminal type (IBM PC, ANSI, none)?  ANSI
  1             Print out the data at start of run  No
  2           Print indications of progress of run  Yes

  Y to accept these or type the letter for one to change
Distances calculated for species
    SEQ0000026   ...........................................
    SEQ0000027   ..........................................
    SEQ0000017   .........................................
    SEQ0000037   ........................................
    SEQ0000038   .......................................
    SEQ0000041   ......................................
    SEQ0000043   .....................................
    SEQ0000018   ....................................
    SEQ0000042   ...................................
    SEQ0000044   ..................................
    SEQ0000019   .................................
    SEQ0000020   ................................
    SEQ0000023   ...............................
    SEQ0000008   ..............................
    SEQ0000009   .............................
    SEQ0000010   ............................
    SEQ0000011   ...........................
    SEQ0000012   ..........................
    SEQ0000013   .........................
    SEQ0000014   ........................
    SEQ0000015   .......................
    SEQ0000016   ......................
    SEQ0000024   .....................
    SEQ0000006   ....................
    SEQ0000007   ...................
    SEQ0000002   ..................
    SEQ0000004   .................
    SEQ0000003   ................
    SEQ0000005   ...............
    SEQ0000025   ..............
    SEQ0000036   .............
    SEQ0000032   ............
    SEQ0000033   ...........
    SEQ0000034   ..........
    SEQ0000035   .........
    SEQ0000028   ........
    SEQ0000021   .......
    SEQ0000030   ......
    SEQ0000022   .....
    SEQ0000040   ....
    SEQ0000001   ...
    SEQ0000029   ..
    SEQ0000031   .
    SEQ0000039

Distances written to file "outfile"

Done.

