25992
662
4175
27156
30167
20019
3417
5219
19086
23275
12138
4221
8944
31746
9761
458
10163
8376
18707
17553
23841
20497
20042
10309
3360
24153
20674
7910
24290
820
3754
30934
163
27635
24488
26790
9276
144
14469
21807
21470
26112
25809
6846
2036
27151
12555
2658
30482
6986
26877
31979
23785
4830
26228
148
17088
9163
2663
3755
17741
696
22492
19484
28681
32763
27062
27121
51
29314
24362
26230
4321
28908
14688
11125
18721
16954
18448
24724
27701
23379
18238
5151
7568
30842
25422
13363
16827
561
32427
24195
3496
24467
21559
9433
28320
9868
26088
10273
