From 001.fasta_prep.log:

Collating all .fasta files into list
Ensuring Unix endlines on all files
Backing up original sequences.
Making sure all filenames are the FASTA sequences names.
ERROR: Filenames could not be change to FASTA sequence names. Exiting.

From 001.snapshot-fasta_prep.log:


From 002.get_good_seq.log:

Collating sequences...
Finding the good seqs and placing them in /mnt/lfs/walt2178/Projects/rna-pipeline-python-qsub-staging/results/blast/good_sequences

From 002.snapshot-get_good_seq.log:


From formatdb.log:


========================[ Jun 4, 2013  6:43 PM ]========================
Version 2.2.24 [Aug-08-2010]
Started database file "/mnt/lfs/walt2178/Projects/rna-pipeline-python-qsub-staging/results/blast/good_sequences"
Formatted 2 sequences in volume 0
SUCCESS: formatted database /mnt/lfs/walt2178/Projects/rna-pipeline-python-qsub-staging/results/blast/good_sequences

From 003.blast_dir.log:

Running formatdb to format the good sequences into a database to blast
against with our sample sequence.

BLASTing /mnt/lfs/walt2178/Projects/rna-pipeline-python-qsub-staging/usr/af243169.for against sequences to find direction.
2 good sequences were found.
Pulling match names and placing in /mnt/lfs/walt2178/Projects/rna-pipeline-python-qsub-staging/results/blast/blast_input
Splitting up the good sequence file.

From 003.snapshot-blast_dir.log:


Everything finished at: Tue Jun  4 18:45:02 PDT 2013

